FSCK started by hdfs from /192.168.56.101 for path / at Thu Nov 01 00:22:50 PDT 2012
.
/apps/hbase/data/-ROOT-/.tableinfo.0000000001:  Under replicated blk_5277799685841422147_1020. Target Replicas is 3 but found 1 replica(s).
.
/apps/hbase/data/-ROOT-/70236052/.oldlogs/hlog.1348033122535:  Under replicated blk_2662387693876524007_1018. Target Replicas is 3 but found 1 replica(s).
.
/apps/hbase/data/-ROOT-/70236052/.regioninfo:  Under replicated blk_-1001905701715657007_1016. Target Replicas is 3 but found 1 replica(s).
.
/apps/hbase/data/-ROOT-/70236052/info/099c3f190d0a4c5582d060d4b3d9ddfb:  Under replicated blk_312219346170512467_1876. Target Replicas is 3 but found 1 replica(s).
.
/apps/hbase/data/-ROOT-/70236052/info/89090d15c1234ea3971a1ef95cfcbcc2:  Under replicated blk_8903563605885680495_1878. Target Replicas is 3 but found 1 replica(s).
.
/apps/hbase/data/.META./1028785192/.oldlogs/hlog.1348033122775:  Under replicated blk_-325144915255120700_1019. Target Replicas is 3 but found 1 replica(s).
.
/apps/hbase/data/.META./1028785192/.regioninfo:  Under replicated blk_5445137419286494392_1018. Target Replicas is 3 but found 1 replica(s).
.
/apps/hbase/data/.META./1028785192/info/61d0c5df9e464e44814303a5ce6259fe:  Under replicated blk_5810248158239879930_1875. Target Replicas is 3 but found 1 replica(s).
.
/apps/hbase/data/.META./1028785192/info/c82d92b13cb2443d89304501dd5ba79f:  Under replicated blk_-3355747594745217960_1877. Target Replicas is 3 but found 1 replica(s).
.
/apps/hbase/data/.oldlogs/singlenode%2C60020%2C1351753584778.1351753585379:  Under replicated blk_8117048479125412794_1862. Target Replicas is 3 but found 1 replica(s).
.
/apps/hbase/data/.oldlogs/singlenode%2C60020%2C1351753584778.1351753586531:  Under replicated blk_-2615781692887376055_1863. Target Replicas is 3 but found 1 replica(s).
.
/apps/hbase/data/.oldlogs/singlenode%2C60020%2C1351753584778.1351753587554:  Under replicated blk_3552753768024350964_1864. Target Replicas is 3 but found 1 replica(s).
.
/apps/hbase/data/.oldlogs/singlenode%2C60020%2C1351753584778.1351753588562:  Under replicated blk_2614521654993993699_1865. Target Replicas is 3 but found 1 replica(s).
.
/apps/hbase/data/.oldlogs/singlenode%2C60020%2C1351753584778.1351753589584:  Under replicated blk_2111174275751956807_1870. Target Replicas is 3 but found 1 replica(s).
.
/apps/hbase/data/.oldlogs/singlenode%2C60020%2C1351753584778.1351753590667:  Under replicated blk_-3235443751946707301_1871. Target Replicas is 3 but found 1 replica(s).
.
/apps/hbase/data/hbase.id:  Under replicated blk_-5815459223223601927_1014. Target Replicas is 3 but found 1 replica(s).
.
/apps/hbase/data/hbase.version:  Under replicated blk_4437291354206906223_1013. Target Replicas is 3 but found 1 replica(s).
.
/apps/hbase/data/usertable/.tableinfo.0000000001:  Under replicated blk_7045601778276301477_1027. Target Replicas is 3 but found 1 replica(s).
.
/apps/hbase/data/usertable/04d8c97007b904b8549f1009f501754e/.oldlogs/hlog.1348033163452:  Under replicated blk_4334996505918615958_1029. Target Replicas is 3 but found 1 replica(s).
.
/apps/hbase/data/usertable/04d8c97007b904b8549f1009f501754e/.regioninfo:  Under replicated blk_-939259729354275279_1029. Target Replicas is 3 but found 1 replica(s).
.
/apps/hbase/data/usertable/04d8c97007b904b8549f1009f501754e/family/be6df89e3ffa4fba935f29399eef2cd6:  Under replicated blk_6678722469246689836_1874. Target Replicas is 3 but found 1 replica(s).
.
/apps/hive/warehouse/data1/data1:  Under replicated blk_-5058766810863289429_1729. Target Replicas is 3 but found 1 replica(s).
.
/apps/hive/warehouse/data2/data2:  Under replicated blk_4218503091539068187_1730. Target Replicas is 3 but found 1 replica(s).
.
/apps/hive/warehouse/passwd/passwd:  Under replicated blk_-7751871775267025612_1379. Target Replicas is 3 but found 1 replica(s).
.
/apps/hive/warehouse/wmg2/dt=20120206/passwd:  Under replicated blk_9187343646683708830_1815. Target Replicas is 3 but found 1 replica(s).
.
/apps/hive/warehouse/wmg2/dt=20120207/passwd:  Under replicated blk_-8943647121834370419_1816. Target Replicas is 3 but found 1 replica(s).
.
/apps/hive/warehouse/wmg2/dt=20120208/passwd:  Under replicated blk_260896443574784753_1817. Target Replicas is 3 but found 1 replica(s).
.
/apps/hive/warehouse/wmg2/dt=20120209/passwd:  Under replicated blk_7767364146248400934_1818. Target Replicas is 3 but found 1 replica(s).
.
/apps/hive/warehouse/wmg3/dt=20120206/000000_0:  Under replicated blk_-7035278483707944192_1831. Target Replicas is 3 but found 1 replica(s).
.
/apps/hive/warehouse/wmg3/dt=20120207/000000_0:  Under replicated blk_854527257335528275_1831. Target Replicas is 3 but found 1 replica(s).
.
/apps/hive/warehouse/wmg3/dt=20120209/000000_0:  Under replicated blk_-6469873284572598323_1831. Target Replicas is 3 but found 1 replica(s).
.
/apps/hive/warehouse/wmg4/dt=20120206/000000_0:  Under replicated blk_6991886681221034784_1845. Target Replicas is 3 but found 1 replica(s).
.
/apps/hive/warehouse/wmg4/dt=20120207/000000_0:  Under replicated blk_-1313574896105906857_1845. Target Replicas is 3 but found 1 replica(s).
.
/apps/hive/warehouse/wmg4/dt=20120209/000000_0:  Under replicated blk_-8598228417292480523_1845. Target Replicas is 3 but found 1 replica(s).
.
/apps/templeton/hadoop-streaming.jar:  Under replicated blk_4761913068715362352_1177. Target Replicas is 3 but found 1 replica(s).
.
/apps/templeton/hive-0.9.0.15.tar.gz:  Under replicated blk_551719569768661484_1178. Target Replicas is 3 but found 1 replica(s).
.
/apps/templeton/pig-0.9.2.15.tar.gz:  Under replicated blk_74703433230376933_1180. Target Replicas is 3 but found 1 replica(s).
.
/apps/templeton/ugi.jar:  Under replicated blk_-3200826714907767867_1179. Target Replicas is 3 but found 1 replica(s).
.
/mapred/history/done/version-1/singlenode_1349390849975_/2012/10/04/000000/job_201210041547_0001_1349393926215_root_ZipFileSplitter:  Under replicated blk_3142404819388296114_1404. Target Replicas is 3 but found 1 replica(s).
.
/mapred/history/done/version-1/singlenode_1349390849975_/2012/10/04/000000/job_201210041547_0001_conf.xml:  Under replicated blk_-7053670653573588550_1405. Target Replicas is 3 but found 1 replica(s).
.
/mapred/history/done/version-1/singlenode_1349390849975_/2012/10/04/000000/job_201210041547_0002_1349394083975_root_ZipFileSplitter:  Under replicated blk_39793108097590929_1411. Target Replicas is 3 but found 1 replica(s).
.
/mapred/history/done/version-1/singlenode_1349390849975_/2012/10/04/000000/job_201210041547_0002_conf.xml:  Under replicated blk_4270557097781710388_1412. Target Replicas is 3 but found 1 replica(s).
.
/mapred/history/done/version-1/singlenode_1349390849975_/2012/10/04/000000/job_201210041547_0003_1349394461028_mapred_ZipFileSplitter:  Under replicated blk_-2913355511839539601_1425. Target Replicas is 3 but found 1 replica(s).
.
/mapred/history/done/version-1/singlenode_1349390849975_/2012/10/04/000000/job_201210041547_0003_conf.xml:  Under replicated blk_-6572621189266155046_1426. Target Replicas is 3 but found 1 replica(s).
.
/mapred/history/done/version-1/singlenode_1349390849975_/2012/10/04/000000/job_201210041547_0004_1349394574863_mapred_ZipFileSplitter:  Under replicated blk_8266610631876332638_1433. Target Replicas is 3 but found 1 replica(s).
.
/mapred/history/done/version-1/singlenode_1349390849975_/2012/10/04/000000/job_201210041547_0004_conf.xml:  Under replicated blk_-1193241805203913380_1434. Target Replicas is 3 but found 1 replica(s).
.
/mapred/history/done/version-1/singlenode_1349390849975_/2012/10/04/000000/job_201210041547_0005_1349394653894_mapred_ZipFileSplitter:  Under replicated blk_1502649874985616495_1440. Target Replicas is 3 but found 1 replica(s).
.
/mapred/history/done/version-1/singlenode_1349390849975_/2012/10/04/000000/job_201210041547_0005_conf.xml:  Under replicated blk_1636501335491110316_1441. Target Replicas is 3 but found 1 replica(s).
.
/mapred/history/done/version-1/singlenode_1349390849975_/2012/10/04/000000/job_201210041547_0006_1349394728875_mapred_ZipFileSplitter:  Under replicated blk_4646517902928457006_1447. Target Replicas is 3 but found 1 replica(s).
.
/mapred/history/done/version-1/singlenode_1349390849975_/2012/10/04/000000/job_201210041547_0006_conf.xml:  Under replicated blk_5801651917509357600_1448. Target Replicas is 3 but found 1 replica(s).
.
/mapred/history/done/version-1/singlenode_1349390849975_/2012/10/04/000000/job_201210041547_0007_1349395070794_hdfs_ZipFileSplitter:  Under replicated blk_5819917531201051308_1454. Target Replicas is 3 but found 1 replica(s).
.
/mapred/history/done/version-1/singlenode_1349390849975_/2012/10/04/000000/job_201210041547_0007_conf.xml:  Under replicated blk_-8344033834891045331_1455. Target Replicas is 3 but found 1 replica(s).
.
/mapred/history/done/version-1/singlenode_1349390849975_/2012/10/04/000000/job_201210041547_0009_1349395275882_hdfs_ZipFileSplitter:  Under replicated blk_5378967609817765719_1461. Target Replicas is 3 but found 1 replica(s).
.
/mapred/history/done/version-1/singlenode_1349390849975_/2012/10/04/000000/job_201210041547_0009_conf.xml:  Under replicated blk_-7854845669791364915_1462. Target Replicas is 3 but found 1 replica(s).
.
/mapred/history/done/version-1/singlenode_1349395502486_/2012/10/04/000000/job_201210041705_0001_1349395901184_hdfs_ZipFileSplitter:  Under replicated blk_-6825202459035303134_1482. Target Replicas is 3 but found 1 replica(s).
.
/mapred/history/done/version-1/singlenode_1349395502486_/2012/10/04/000000/job_201210041705_0001_conf.xml:  Under replicated blk_-8266756571745701567_1483. Target Replicas is 3 but found 1 replica(s).
.
/mapred/history/done/version-1/singlenode_1349395502486_/2012/10/04/000000/job_201210041705_0002_1349396104913_mapred_ZipFileSplitter:  Under replicated blk_2682879944004821540_1490. Target Replicas is 3 but found 1 replica(s).
.
/mapred/history/done/version-1/singlenode_1349395502486_/2012/10/04/000000/job_201210041705_0002_conf.xml:  Under replicated blk_1655518324964769768_1491. Target Replicas is 3 but found 1 replica(s).
.
/mapred/history/done/version-1/singlenode_1349396220608_/2012/10/04/000000/job_201210041716_0001_1349396227957_mapred_ZipFileSplitter:  Under replicated blk_-536444552142642786_1500. Target Replicas is 3 but found 1 replica(s).
.
/mapred/history/done/version-1/singlenode_1349396220608_/2012/10/04/000000/job_201210041716_0001_conf.xml:  Under replicated blk_-963492682039373427_1501. Target Replicas is 3 but found 1 replica(s).
.
/mapred/history/done/version-1/singlenode_1349396220608_/2012/10/04/000000/job_201210041716_0002_1349396531358_mapred_ZipFileSplitter:  Under replicated blk_8704937883583337003_1509. Target Replicas is 3 but found 1 replica(s).
.
/mapred/history/done/version-1/singlenode_1349396220608_/2012/10/04/000000/job_201210041716_0002_conf.xml:  Under replicated blk_3134294099444813710_1510. Target Replicas is 3 but found 1 replica(s).
.
/mapred/history/done/version-1/singlenode_1349396220608_/2012/10/04/000000/job_201210041716_0003_1349396666734_mapred_ZipFileSplitter:  Under replicated blk_1234409955110052772_1518. Target Replicas is 3 but found 1 replica(s).
.
/mapred/history/done/version-1/singlenode_1349396220608_/2012/10/04/000000/job_201210041716_0003_conf.xml:  Under replicated blk_-8099244634037894441_1519. Target Replicas is 3 but found 1 replica(s).
.
/mapred/history/done/version-1/singlenode_1349396220608_/2012/10/04/000000/job_201210041716_0004_1349396726431_mapred_ZipFileSplitter:  Under replicated blk_-1662467197799137495_1527. Target Replicas is 3 but found 1 replica(s).
.
/mapred/history/done/version-1/singlenode_1349396220608_/2012/10/04/000000/job_201210041716_0004_conf.xml:  Under replicated blk_-2555031549410882347_1528. Target Replicas is 3 but found 1 replica(s).
.
/mapred/history/done/version-1/singlenode_1349396220608_/2012/10/04/000000/job_201210041716_0005_1349396831888_mapred_ZipFileSplitter:  Under replicated blk_4405481038786841164_1536. Target Replicas is 3 but found 1 replica(s).
.
/mapred/history/done/version-1/singlenode_1349396220608_/2012/10/04/000000/job_201210041716_0005_conf.xml:  Under replicated blk_-2889774144647698398_1537. Target Replicas is 3 but found 1 replica(s).
.
/mapred/history/done/version-1/singlenode_1349396220608_/2012/10/04/000000/job_201210041716_0006_1349397167599_mapred_ZipFileSplitter:  Under replicated blk_-2002144892289401452_1545. Target Replicas is 3 but found 1 replica(s).
.
/mapred/history/done/version-1/singlenode_1349396220608_/2012/10/04/000000/job_201210041716_0006_conf.xml:  Under replicated blk_6815780038650873658_1546. Target Replicas is 3 but found 1 replica(s).
.
/mapred/history/done/version-1/singlenode_1350598825740_/2012/10/18/000000/job_201210181520_0001_1350599717968_root_Job7732751343968754954.jar:  Under replicated blk_-7551343664693252691_1571. Target Replicas is 3 but found 1 replica(s).
.
/mapred/history/done/version-1/singlenode_1350598825740_/2012/10/18/000000/job_201210181520_0001_conf.xml:  Under replicated blk_6888979926307984043_1572. Target Replicas is 3 but found 1 replica(s).
.
/mapred/history/done/version-1/singlenode_1350598825740_/2012/10/18/000000/job_201210181520_0002_1350599747448_root_Job1663716354750025340.jar:  Under replicated blk_1360091278290625794_1580. Target Replicas is 3 but found 1 replica(s).
.
/mapred/history/done/version-1/singlenode_1350598825740_/2012/10/18/000000/job_201210181520_0002_conf.xml:  Under replicated blk_-1735054487470443220_1581. Target Replicas is 3 but found 1 replica(s).
.
/mapred/history/done/version-1/singlenode_1350598825740_/2012/10/18/000000/job_201210181520_0003_1350599822928_root_Job6595020122877066977.jar:  Under replicated blk_-3394962957025702777_1589. Target Replicas is 3 but found 1 replica(s).
.
/mapred/history/done/version-1/singlenode_1350598825740_/2012/10/18/000000/job_201210181520_0003_conf.xml:  Under replicated blk_5195675382032963155_1590. Target Replicas is 3 but found 1 replica(s).
.
/mapred/history/done/version-1/singlenode_1350598825740_/2012/10/18/000000/job_201210181520_0004_1350599979365_root_PigLatin%3ADefaultJobName:  Under replicated blk_-3049845456895245996_1598. Target Replicas is 3 but found 1 replica(s).
.
/mapred/history/done/version-1/singlenode_1350598825740_/2012/10/18/000000/job_201210181520_0004_conf.xml:  Under replicated blk_-7829785291432365475_1599. Target Replicas is 3 but found 1 replica(s).
.
/mapred/history/done/version-1/singlenode_1350598825740_/2012/10/18/000000/job_201210181520_0005_1350600132903_root_Job6478530430123176556.jar:  Under replicated blk_-1696307272605813823_1607. Target Replicas is 3 but found 1 replica(s).
.
/mapred/history/done/version-1/singlenode_1350598825740_/2012/10/18/000000/job_201210181520_0005_conf.xml:  Under replicated blk_6192364411826100171_1608. Target Replicas is 3 but found 1 replica(s).
.
/mapred/history/done/version-1/singlenode_1350598825740_/2012/10/18/000000/job_201210181520_0006_1350600381781_root_PigLatin%3ADefaultJobName:  Under replicated blk_-3332718730623312793_1616. Target Replicas is 3 but found 1 replica(s).
.
/mapred/history/done/version-1/singlenode_1350598825740_/2012/10/18/000000/job_201210181520_0006_conf.xml:  Under replicated blk_1284259228982130525_1617. Target Replicas is 3 but found 1 replica(s).
.
/mapred/history/done/version-1/singlenode_1350598825740_/2012/10/18/000000/job_201210181520_0007_1350600627330_root_Job2762008348482781550.jar:  Under replicated blk_-1335393376331051324_1626. Target Replicas is 3 but found 1 replica(s).
.
/mapred/history/done/version-1/singlenode_1350598825740_/2012/10/18/000000/job_201210181520_0007_conf.xml:  Under replicated blk_-1777552515536759539_1627. Target Replicas is 3 but found 1 replica(s).
.
/mapred/history/done/version-1/singlenode_1350598825740_/2012/10/18/000000/job_201210181520_0008_1350600698816_root_Job2276387807841214403.jar:  Under replicated blk_577903467052078113_1635. Target Replicas is 3 but found 1 replica(s).
.
/mapred/history/done/version-1/singlenode_1350598825740_/2012/10/18/000000/job_201210181520_0008_conf.xml:  Under replicated blk_7242772745062424526_1636. Target Replicas is 3 but found 1 replica(s).
.
/mapred/history/done/version-1/singlenode_1350598825740_/2012/10/18/000000/job_201210181520_0009_1350600754353_root_Job6655320611278979374.jar:  Under replicated blk_-6241196300144332434_1644. Target Replicas is 3 but found 1 replica(s).
.
/mapred/history/done/version-1/singlenode_1350598825740_/2012/10/18/000000/job_201210181520_0009_conf.xml:  Under replicated blk_5731170812002781501_1645. Target Replicas is 3 but found 1 replica(s).
.
/mapred/history/done/version-1/singlenode_1350598825740_/2012/10/18/000000/job_201210181520_0010_1350600808526_root_Job825417535886649864.jar:  Under replicated blk_7183675606331496062_1653. Target Replicas is 3 but found 1 replica(s).
.
/mapred/history/done/version-1/singlenode_1350598825740_/2012/10/18/000000/job_201210181520_0010_conf.xml:  Under replicated blk_6281140390958297511_1654. Target Replicas is 3 but found 1 replica(s).
.
/mapred/history/done/version-1/singlenode_1350598825740_/2012/10/18/000000/job_201210181520_0011_1350600950022_root_Job6720606001654242336.jar:  Under replicated blk_-8902749334298872898_1662. Target Replicas is 3 but found 1 replica(s).
.
/mapred/history/done/version-1/singlenode_1350598825740_/2012/10/18/000000/job_201210181520_0011_conf.xml:  Under replicated blk_-4485173466050178296_1663. Target Replicas is 3 but found 1 replica(s).
.
/mapred/history/done/version-1/singlenode_1350598825740_/2012/10/18/000000/job_201210181520_0012_1350601039226_root_Job8648571137002392197.jar:  Under replicated blk_7617497898799738488_1671. Target Replicas is 3 but found 1 replica(s).
.
/mapred/history/done/version-1/singlenode_1350598825740_/2012/10/18/000000/job_201210181520_0012_conf.xml:  Under replicated blk_7123049802951826921_1672. Target Replicas is 3 but found 1 replica(s).
.
/mapred/history/done/version-1/singlenode_1350598825740_/2012/10/18/000000/job_201210181520_0013_1350601122534_root_Job4372772760882062444.jar:  Under replicated blk_-5065044677636707363_1680. Target Replicas is 3 but found 1 replica(s).
.
/mapred/history/done/version-1/singlenode_1350598825740_/2012/10/18/000000/job_201210181520_0013_conf.xml:  Under replicated blk_7731058422012502555_1681. Target Replicas is 3 but found 1 replica(s).
.
/mapred/history/done/version-1/singlenode_1350598825740_/2012/10/18/000000/job_201210181520_0014_1350601141093_root_Job286571091906694703.jar:  Under replicated blk_-8016939441611152858_1689. Target Replicas is 3 but found 1 replica(s).
.
/mapred/history/done/version-1/singlenode_1350598825740_/2012/10/18/000000/job_201210181520_0014_conf.xml:  Under replicated blk_3946756435690849530_1690. Target Replicas is 3 but found 1 replica(s).
.
/mapred/history/done/version-1/singlenode_1350598825740_/2012/10/18/000000/job_201210181520_0015_1350601170171_root_Job1844211267681740342.jar:  Under replicated blk_-1724008578836288638_1698. Target Replicas is 3 but found 1 replica(s).
.

/mapred/history/done/version-1/singlenode_1350598825740_/2012/10/18/000000/job_201210181520_0015_conf.xml:  Under replicated blk_-6453798452190950103_1699. Target Replicas is 3 but found 1 replica(s).
.
/mapred/history/done/version-1/singlenode_1350598825740_/2012/10/18/000000/job_201210181520_0016_1350606150888_root_select+data1.*%2C+data2.*+from+da...data2.col2%28Stage:  Under replicated blk_-5013570966295035793_1713. Target Replicas is 3 but found 1 replica(s).
.
/mapred/history/done/version-1/singlenode_1350598825740_/2012/10/18/000000/job_201210181520_0016_conf.xml:  Under replicated blk_-4097819300644496602_1714. Target Replicas is 3 but found 1 replica(s).
.
/mapred/history/done/version-1/singlenode_1350598825740_/2012/10/18/000000/job_201210181520_0017_1350606390385_root_select+data1.*%2C+data2.*+from+da...data2.col2%28Stage:  Under replicated blk_7398652888286273519_1727. Target Replicas is 3 but found 1 replica(s).
.
/mapred/history/done/version-1/singlenode_1350598825740_/2012/10/18/000000/job_201210181520_0017_conf.xml:  Under replicated blk_812548119095411718_1728. Target Replicas is 3 but found 1 replica(s).
.
/mapred/history/done/version-1/singlenode_1350598825740_/2012/10/18/000000/job_201210181520_0018_1350606447006_root_select+data1.*%2C+data2.*+from+da...data2.col2%28Stage:  Under replicated blk_3378540299766675432_1741. Target Replicas is 3 but found 1 replica(s).
.
/mapred/history/done/version-1/singlenode_1350598825740_/2012/10/18/000000/job_201210181520_0018_conf.xml:  Under replicated blk_-4534785415454022502_1742. Target Replicas is 3 but found 1 replica(s).
.
/mapred/history/done/version-1/singlenode_1350598825740_/2012/10/18/000000/job_201210181520_0019_1350606536062_root_from+data1+join+data2+on+data1.col...data2.*%28Stage:  Under replicated blk_-979504155688454557_1753. Target Replicas is 3 but found 1 replica(s).
.
/mapred/history/done/version-1/singlenode_1350598825740_/2012/10/18/000000/job_201210181520_0019_conf.xml:  Under replicated blk_-3822609982155998319_1754. Target Replicas is 3 but found 1 replica(s).
.
/mapred/history/done/version-1/singlenode_1350598825740_/2012/10/18/000000/job_201210181520_0020_1350606863459_root_select+*+from+data1+group+by+col1%28Stage-1%29:  Under replicated blk_-2096459102471898107_1765. Target Replicas is 3 but found 1 replica(s).
.
/mapred/history/done/version-1/singlenode_1350598825740_/2012/10/18/000000/job_201210181520_0020_conf.xml:  Under replicated blk_-5087839238654678152_1766. Target Replicas is 3 but found 1 replica(s).
.
/mapred/history/done/version-1/singlenode_1350598825740_/2012/10/18/000000/job_201210181520_0021_1350606909854_root_select+*+from+data1+group+by+col2%28Stage-1%29:  Under replicated blk_2111271047078401436_1777. Target Replicas is 3 but found 1 replica(s).
.
/mapred/history/done/version-1/singlenode_1350598825740_/2012/10/18/000000/job_201210181520_0021_conf.xml:  Under replicated blk_1499046086618036813_1778. Target Replicas is 3 but found 1 replica(s).
.
/mapred/history/done/version-1/singlenode_1350598825740_/2012/10/18/000000/job_201210181520_0022_1350607165738_root_select+data1.*%2C+data2.*+from+da...data2.col2%28Stage:  Under replicated blk_2695143358704816473_1789. Target Replicas is 3 but found 1 replica(s).
.
/mapred/history/done/version-1/singlenode_1350598825740_/2012/10/18/000000/job_201210181520_0022_conf.xml:  Under replicated blk_5845733516458305552_1790. Target Replicas is 3 but found 1 replica(s).
.
/mapred/history/done/version-1/singlenode_1350598825740_/2012/10/18/000000/job_201210181520_0023_1350607278728_root_select+data1.*%2C+data2.*+from+da...data2.col2%28Stage:  Under replicated blk_-8954568464978605998_1801. Target Replicas is 3 but found 1 replica(s).
.
/mapred/history/done/version-1/singlenode_1350598825740_/2012/10/18/000000/job_201210181520_0023_conf.xml:  Under replicated blk_6967872455176229956_1802. Target Replicas is 3 but found 1 replica(s).
.
/mapred/history/done/version-1/singlenode_1351530777571_/2012/10/29/000000/job_201210291012_0001_1351534563468_ambari%5Fqa_insert+overwrite+table++wmg3+partitio...wmg2%28Stage:  Under replicated blk_4675093372584751604_1832. Target Replicas is 3 but found 1 replica(s).
.
/mapred/history/done/version-1/singlenode_1351530777571_/2012/10/29/000000/job_201210291012_0001_conf.xml:  Under replicated blk_66530147468805049_1833. Target Replicas is 3 but found 1 replica(s).
.
/mapred/history/done/version-1/singlenode_1351530777571_/2012/10/29/000000/job_201210291012_0002_1351534876219_ambari%5Fqa_insert+overwrite+table++wmg4+partitio...wmg2%28Stage:  Under replicated blk_1969383419774278346_1846. Target Replicas is 3 but found 1 replica(s).
.
/mapred/history/done/version-1/singlenode_1351530777571_/2012/10/29/000000/job_201210291012_0002_conf.xml:  Under replicated blk_-60438214256555428_1847. Target Replicas is 3 but found 1 replica(s).
.
/mapred/system/jobtracker.info:  Under replicated blk_-2804974882811966137_1861. Target Replicas is 3 but found 1 replica(s).
.
/tmp/ida8c06538_date351812:  Under replicated blk_-4454688143401368426_1001. Target Replicas is 3 but found 1 replica(s).
.
/user/ambari_qa/examples/apps/aggregator/coordinator.xml:  Under replicated blk_4319318173769412713_1129. Target Replicas is 3 but found 1 replica(s).
.
/user/ambari_qa/examples/apps/aggregator/job.properties:  Under replicated blk_-2209791006630336642_1128. Target Replicas is 3 but found 1 replica(s).
.
/user/ambari_qa/examples/apps/aggregator/lib/oozie-examples-3.1.3-incubating.jar:  Under replicated blk_-2336115125878698738_1126. Target Replicas is 3 but found 1 replica(s).
.
/user/ambari_qa/examples/apps/aggregator/workflow.xml:  Under replicated blk_5946485249067183774_1127. Target Replicas is 3 but found 1 replica(s).
.
/user/ambari_qa/examples/apps/bundle/bundle.xml:  Under replicated blk_-7149744116219235699_1113. Target Replicas is 3 but found 1 replica(s).
.
/user/ambari_qa/examples/apps/bundle/job.properties:  Under replicated blk_-467771379393626470_1114. Target Replicas is 3 but found 1 replica(s).
.
/user/ambari_qa/examples/apps/cron/coordinator.xml:  Under replicated blk_-5977826161172154140_1109. Target Replicas is 3 but found 1 replica(s).
.
/user/ambari_qa/examples/apps/cron/job.properties:  Under replicated blk_7359848659249761463_1108. Target Replicas is 3 but found 1 replica(s).
.
/user/ambari_qa/examples/apps/cron/workflow.xml:  Under replicated blk_3675102451346450048_1107. Target Replicas is 3 but found 1 replica(s).
.
/user/ambari_qa/examples/apps/custom-main/id.pig:  Under replicated blk_-7893064067437160559_1105. Target Replicas is 3 but found 1 replica(s).
.
/user/ambari_qa/examples/apps/custom-main/job.properties:  Under replicated blk_775127779894194471_1106. Target Replicas is 3 but found 1 replica(s).
.
/user/ambari_qa/examples/apps/custom-main/lib/oozie-examples-3.1.3-incubating.jar:  Under replicated blk_8160532909504819613_1103. Target Replicas is 3 but found 1 replica(s).
.
/user/ambari_qa/examples/apps/custom-main/workflow.xml:  Under replicated blk_6130586725999871382_1104. Target Replicas is 3 but found 1 replica(s).
.
/user/ambari_qa/examples/apps/datelist-java-main/job.properties:  Under replicated blk_9182345401505158084_1119. Target Replicas is 3 but found 1 replica(s).
.
/user/ambari_qa/examples/apps/datelist-java-main/workflow.xml:  Under replicated blk_-5597363944941789743_1118. Target Replicas is 3 but found 1 replica(s).
.
/user/ambari_qa/examples/apps/demo/id.pig:  Under replicated blk_-6060045008064231110_1124. Target Replicas is 3 but found 1 replica(s).
.
/user/ambari_qa/examples/apps/demo/job.properties:  Under replicated blk_-8639021777784646944_1125. Target Replicas is 3 but found 1 replica(s).
.
/user/ambari_qa/examples/apps/demo/lib/oozie-examples-3.1.3-incubating.jar:  Under replicated blk_-3265461202995241756_1122. Target Replicas is 3 but found 1 replica(s).
.
/user/ambari_qa/examples/apps/demo/workflow.xml:  Under replicated blk_-4427085918022161164_1123. Target Replicas is 3 but found 1 replica(s).
.
/user/ambari_qa/examples/apps/examples-lib/ant-1.6.5.jar:  Under replicated blk_6734361119002825093_1086. Target Replicas is 3 but found 1 replica(s).
.
/user/ambari_qa/examples/apps/examples-lib/antlr-2.7.7.jar:  Under replicated blk_2263072206027369152_1096. Target Replicas is 3 but found 1 replica(s).
.
/user/ambari_qa/examples/apps/examples-lib/antlr-runtime-3.4.jar:  Under replicated blk_-6672612704306933014_1091. Target Replicas is 3 but found 1 replica(s).
.
/user/ambari_qa/examples/apps/examples-lib/asm-3.2.jar:  Under replicated blk_270576385018370376_1102. Target Replicas is 3 but found 1 replica(s).
.
/user/ambari_qa/examples/apps/examples-lib/avro-1.3.2.jar:  Under replicated blk_-861222782755049759_1090. Target Replicas is 3 but found 1 replica(s).
.
/user/ambari_qa/examples/apps/examples-lib/commons-cli-1.2.jar:  Under replicated blk_7798310877229968587_1074. Target Replicas is 3 but found 1 replica(s).
.
/user/ambari_qa/examples/apps/examples-lib/commons-codec-1.4.jar:  Under replicated blk_4773746173422657770_1094. Target Replicas is 3 but found 1 replica(s).
.
/user/ambari_qa/examples/apps/examples-lib/commons-el-1.0.jar:  Under replicated blk_-6135855337593975159_1077. Target Replicas is 3 but found 1 replica(s).
.
/user/ambari_qa/examples/apps/examples-lib/commons-httpclient-3.1.jar:  Under replicated blk_8311396291685364993_1098. Target Replicas is 3 but found 1 replica(s).
.
/user/ambari_qa/examples/apps/examples-lib/commons-lang-2.5.jar:  Under replicated blk_-1567744348611111590_1071. Target Replicas is 3 but found 1 replica(s).
.
/user/ambari_qa/examples/apps/examples-lib/commons-logging-1.1.jar:  Under replicated blk_4417758005146017668_1066. Target Replicas is 3 but found 1 replica(s).
.
/user/ambari_qa/examples/apps/examples-lib/commons-net-1.4.1.jar:  Under replicated blk_-7800742051611187597_1065. Target Replicas is 3 but found 1 replica(s).
.
/user/ambari_qa/examples/apps/examples-lib/core-3.1.1.jar:  Under replicated blk_4995855042331860765_1092. Target Replicas is 3 but found 1 replica(s).
.
/user/ambari_qa/examples/apps/examples-lib/guava-r09.jar:  Under replicated blk_-4624098286499858095_1087. Target Replicas is 3 but found 1 replica(s).
.
/user/ambari_qa/examples/apps/examples-lib/hadoop-streaming-1.0.3.15.jar:  Under replicated blk_3713322241251183311_1064. Target Replicas is 3 but found 1 replica(s).
.
/user/ambari_qa/examples/apps/examples-lib/hsqldb-1.8.0.7.jar:  Under replicated blk_-4236221245921393535_1100. Target Replicas is 3 but found 1 replica(s).
.
/user/ambari_qa/examples/apps/examples-lib/jackson-core-asl-1.4.2.jar:  Under replicated blk_6094472921345041018_1067. Target Replicas is 3 but found 1 replica(s).
.
/user/ambari_qa/examples/apps/examples-lib/jackson-mapper-asl-1.4.2.jar:  Under replicated blk_-3466223784094629614_1080. Target Replicas is 3 but found 1 replica(s).
.
/user/ambari_qa/examples/apps/examples-lib/jasper-compiler-5.5.12.jar:  Under replicated blk_-5387816664362324070_1099. Target Replicas is 3 but found 1 replica(s).
.
/user/ambari_qa/examples/apps/examples-lib/jasper-runtime-5.5.12.jar:  Under replicated blk_-57185447177843261_1101. Target Replicas is 3 but found 1 replica(s).
.
/user/ambari_qa/examples/apps/examples-lib/jets3t-0.7.1.jar:  Under replicated blk_-291280882928338896_1078. Target Replicas is 3 but found 1 replica(s).
.
/user/ambari_qa/examples/apps/examples-lib/jetty-6.1.14.jar:  Under replicated blk_-8539819065989065792_1083. Target Replicas is 3 but found 1 replica(s).
.
/user/ambari_qa/examples/apps/examples-lib/jetty-util-6.1.26.jar:  Under replicated blk_451260699551039879_1072. Target Replicas is 3 but found 1 replica(s).
.
/user/ambari_qa/examples/apps/examples-lib/jline-0.9.94.jar:  Under replicated blk_1777175521803311037_1082. Target Replicas is 3 but found 1 replica(s).
.
/user/ambari_qa/examples/apps/examples-lib/jsp-2.1-6.1.14.jar:  Under replicated blk_-6386399267067898081_1093. Target Replicas is 3 but found 1 replica(s).
.
/user/ambari_qa/examples/apps/examples-lib/jsp-api-2.1-6.1.14.jar:  Under replicated blk_-9039127826704576295_1089. Target Replicas is 3 but found 1 replica(s).
.
/user/ambari_qa/examples/apps/examples-lib/junit-3.8.1.jar:  Under replicated blk_2447721218031874970_1081. Target Replicas is 3 but found 1 replica(s).
.
/user/ambari_qa/examples/apps/examples-lib/jython-2.5.0.jar:  Under replicated blk_-2679170908921068242_1073. Target Replicas is 3 but found 1 replica(s).
.
/user/ambari_qa/examples/apps/examples-lib/kfs-0.3.jar:  Under replicated blk_3916010533581514652_1063. Target Replicas is 3 but found 1 replica(s).
.
/user/ambari_qa/examples/apps/examples-lib/log4j-1.2.15.jar:  Under replicated blk_-6612404670209183385_1088. Target Replicas is 3 but found 1 replica(s).
.
/user/ambari_qa/examples/apps/examples-lib/oro-2.0.8.jar:  Under replicated blk_-4180680226621471157_1097. Target Replicas is 3 but found 1 replica(s).
.
/user/ambari_qa/examples/apps/examples-lib/paranamer-2.2.jar:  Under replicated blk_2287457366200706518_1069. Target Replicas is 3 but found 1 replica(s).
.
/user/ambari_qa/examples/apps/examples-lib/paranamer-ant-2.2.jar:  Under replicated blk_8799144608303435249_1084. Target Replicas is 3 but found 1 replica(s).
.
/user/ambari_qa/examples/apps/examples-lib/paranamer-generator-2.2.jar:  Under replicated blk_1318961035331097580_1095. Target Replicas is 3 but found 1 replica(s).
.
/user/ambari_qa/examples/apps/examples-lib/pig-0.9.2.jar:  Under replicated blk_8073847323585939230_1068. Target Replicas is 3 but found 1 replica(s).
.
/user/ambari_qa/examples/apps/examples-lib/qdox-1.10.1.jar:  Under replicated blk_326415124537766827_1075. Target Replicas is 3 but found 1 replica(s).
.
/user/ambari_qa/examples/apps/examples-lib/servlet-api-2.5-6.1.14.jar:  Under replicated blk_-7924896467582001600_1070. Target Replicas is 3 but found 1 replica(s).
.
/user/ambari_qa/examples/apps/examples-lib/slf4j-api-1.5.11.jar:  Under replicated blk_6092752645358406308_1076. Target Replicas is 3 but found 1 replica(s).
.
/user/ambari_qa/examples/apps/examples-lib/stringtemplate-3.2.1.jar:  Under replicated blk_-1710828755384066506_1085. Target Replicas is 3 but found 1 replica(s).
.
/user/ambari_qa/examples/apps/examples-lib/xmlenc-0.52.jar:  Under replicated blk_-7990846613239519684_1079. Target Replicas is 3 but found 1 replica(s).
.
/user/ambari_qa/examples/apps/hadoop-el/job.properties:  Under replicated blk_-7361865055424106949_1059. Target Replicas is 3 but found 1 replica(s).
.
/user/ambari_qa/examples/apps/hadoop-el/lib/oozie-examples-3.1.3-incubating.jar:  Under replicated blk_-2984795557291265400_1057. Target Replicas is 3 but found 1 replica(s).
.
/user/ambari_qa/examples/apps/hadoop-el/workflow.xml:  Under replicated blk_391260275780158878_1058. Target Replicas is 3 but found 1 replica(s).
.
/user/ambari_qa/examples/apps/java-main/job.properties:  Under replicated blk_3926387764313025185_1112. Target Replicas is 3 but found 1 replica(s).
.
/user/ambari_qa/examples/apps/java-main/lib/oozie-examples-3.1.3-incubating.jar:  Under replicated blk_-345496520756151865_1110. Target Replicas is 3 but found 1 replica(s).
.
/user/ambari_qa/examples/apps/java-main/workflow.xml:  Under replicated blk_-5351171706738764748_1111. Target Replicas is 3 but found 1 replica(s).
.
/user/ambari_qa/examples/apps/map-reduce/job.properties:  Under replicated blk_-6839502696629274289_1062. Target Replicas is 3 but found 1 replica(s).
.
/user/ambari_qa/examples/apps/map-reduce/lib/oozie-examples-3.1.3-incubating.jar:  Under replicated blk_-6938473479614440059_1060. Target Replicas is 3 but found 1 replica(s).
.
/user/ambari_qa/examples/apps/map-reduce/workflow.xml:  Under replicated blk_791703073518445595_1061. Target Replicas is 3 but found 1 replica(s).
.
/user/ambari_qa/examples/apps/no-op/job.properties:  Under replicated blk_3953030078956066095_1056. Target Replicas is 3 but found 1 replica(s).
.
/user/ambari_qa/examples/apps/no-op/workflow.xml:  Under replicated blk_7665676238881395760_1055. Target Replicas is 3 but found 1 replica(s).
.
/user/ambari_qa/examples/apps/pig/id.pig:  Under replicated blk_-6757982500129923433_1116. Target Replicas is 3 but found 1 replica(s).
.
/user/ambari_qa/examples/apps/pig/job.properties:  Under replicated blk_-6737264091110440573_1117. Target Replicas is 3 but found 1 replica(s).
.
/user/ambari_qa/examples/apps/pig/workflow.xml:  Under replicated blk_-1148012253631102322_1115. Target Replicas is 3 but found 1 replica(s).
.
/user/ambari_qa/examples/apps/streaming/job.properties:  Under replicated blk_2003028781653285682_1054. Target Replicas is 3 but found 1 replica(s).
.
/user/ambari_qa/examples/apps/streaming/workflow.xml:  Under replicated blk_8453637059037641624_1053. Target Replicas is 3 but found 1 replica(s).
.
/user/ambari_qa/examples/apps/subwf/job.properties:  Under replicated blk_285396017090379615_1121. Target Replicas is 3 but found 1 replica(s).
.
/user/ambari_qa/examples/apps/subwf/workflow.xml:  Under replicated blk_-3724714841026157860_1120. Target Replicas is 3 but found 1 replica(s).
.

/user/ambari_qa/examples/input-data/rawLogs/2010/01/01/00/20/_SUCCESS:  Under replicated blk_-3905768214207960785_1048. Target Replicas is 3 but found 1 replica(s).
.
/user/ambari_qa/examples/input-data/rawLogs/2010/01/01/00/20/log01.txt:  Under replicated blk_4502228751841193677_1049. Target Replicas is 3 but found 1 replica(s).
.
/user/ambari_qa/examples/input-data/rawLogs/2010/01/01/00/40/_SUCCESS:  Under replicated blk_-4034692314864618691_1051. Target Replicas is 3 but found 1 replica(s).
.
/user/ambari_qa/examples/input-data/rawLogs/2010/01/01/00/40/log02.txt:  Under replicated blk_-4144135390607374065_1050. Target Replicas is 3 but found 1 replica(s).
.
/user/ambari_qa/examples/input-data/rawLogs/2010/01/01/01/00/_SUCCESS:  Under replicated blk_643322533455407606_1044. Target Replicas is 3 but found 1 replica(s).
.
/user/ambari_qa/examples/input-data/rawLogs/2010/01/01/01/00/log03.txt:  Under replicated blk_-4762580180953710387_1045. Target Replicas is 3 but found 1 replica(s).
.
/user/ambari_qa/examples/input-data/rawLogs/2010/01/01/01/20/_SUCCESS:  Under replicated blk_5157796048875589525_1040. Target Replicas is 3 but found 1 replica(s).
.
/user/ambari_qa/examples/input-data/rawLogs/2010/01/01/01/20/log04.txt:  Under replicated blk_-287882947841459487_1041. Target Replicas is 3 but found 1 replica(s).
.
/user/ambari_qa/examples/input-data/rawLogs/2010/01/01/01/40/_SUCCESS:  Under replicated blk_-7287250611725726703_1043. Target Replicas is 3 but found 1 replica(s).
.
/user/ambari_qa/examples/input-data/rawLogs/2010/01/01/01/40/log05.txt:  Under replicated blk_-1057935560651958256_1042. Target Replicas is 3 but found 1 replica(s).
.
/user/ambari_qa/examples/input-data/rawLogs/2010/01/01/02/00/_SUCCESS:  Under replicated blk_-2186599541316935168_1046. Target Replicas is 3 but found 1 replica(s).
.
/user/ambari_qa/examples/input-data/rawLogs/2010/01/01/02/00/log06.txt:  Under replicated blk_-304782543785928571_1047. Target Replicas is 3 but found 1 replica(s).
.
/user/ambari_qa/examples/input-data/text/data.txt:  Under replicated blk_4542767745061142592_1052. Target Replicas is 3 but found 1 replica(s).
..
/user/ambari_qa/examples/output-data/map-reduce/part-00000:  Under replicated blk_1038686819818553049_1173. Target Replicas is 3 but found 1 replica(s).
.
/user/ambari_qa/examples/src/org/apache/oozie/example/DateList.java:  Under replicated blk_3535858321731648804_1131. Target Replicas is 3 but found 1 replica(s).
.
/user/ambari_qa/examples/src/org/apache/oozie/example/DemoJavaMain.java:  Under replicated blk_4367679119527272290_1138. Target Replicas is 3 but found 1 replica(s).
.
/user/ambari_qa/examples/src/org/apache/oozie/example/DemoMapReduceMain.java:  Under replicated blk_5764651303828198393_1132. Target Replicas is 3 but found 1 replica(s).
.
/user/ambari_qa/examples/src/org/apache/oozie/example/DemoMapper.java:  Under replicated blk_-8360760054645584274_1140. Target Replicas is 3 but found 1 replica(s).
.
/user/ambari_qa/examples/src/org/apache/oozie/example/DemoPigMain.java:  Under replicated blk_-360355899999473151_1136. Target Replicas is 3 but found 1 replica(s).
.
/user/ambari_qa/examples/src/org/apache/oozie/example/DemoReducer.java:  Under replicated blk_2269692794781534415_1139. Target Replicas is 3 but found 1 replica(s).
.
/user/ambari_qa/examples/src/org/apache/oozie/example/LocalOozieExample.java:  Under replicated blk_4255686408155695976_1134. Target Replicas is 3 but found 1 replica(s).
.
/user/ambari_qa/examples/src/org/apache/oozie/example/Repeatable.java:  Under replicated blk_4127234655867759230_1133. Target Replicas is 3 but found 1 replica(s).
.
/user/ambari_qa/examples/src/org/apache/oozie/example/SampleMapper.java:  Under replicated blk_3470159510521610191_1130. Target Replicas is 3 but found 1 replica(s).
.
/user/ambari_qa/examples/src/org/apache/oozie/example/SampleReducer.java:  Under replicated blk_5936466574986729809_1135. Target Replicas is 3 but found 1 replica(s).
.
/user/ambari_qa/examples/src/org/apache/oozie/example/TimeUnit.java:  Under replicated blk_3181455175763513931_1137. Target Replicas is 3 but found 1 replica(s).
.
/user/ambari_qa/input-data/rawLogs/2010/01/01/00/20/_SUCCESS:  Under replicated blk_-8318827521659642435_1149. Target Replicas is 3 but found 1 replica(s).
.
/user/ambari_qa/input-data/rawLogs/2010/01/01/00/20/log01.txt:  Under replicated blk_-713785929609997739_1150. Target Replicas is 3 but found 1 replica(s).
.
/user/ambari_qa/input-data/rawLogs/2010/01/01/00/40/_SUCCESS:  Under replicated blk_1378817210371071948_1152. Target Replicas is 3 but found 1 replica(s).
.
/user/ambari_qa/input-data/rawLogs/2010/01/01/00/40/log02.txt:  Under replicated blk_1334049910859964362_1151. Target Replicas is 3 but found 1 replica(s).
.
/user/ambari_qa/input-data/rawLogs/2010/01/01/01/00/_SUCCESS:  Under replicated blk_7426654389030050790_1145. Target Replicas is 3 but found 1 replica(s).
.
/user/ambari_qa/input-data/rawLogs/2010/01/01/01/00/log03.txt:  Under replicated blk_116293292895045608_1146. Target Replicas is 3 but found 1 replica(s).
.
/user/ambari_qa/input-data/rawLogs/2010/01/01/01/20/_SUCCESS:  Under replicated blk_9133889287402563613_1141. Target Replicas is 3 but found 1 replica(s).
.
/user/ambari_qa/input-data/rawLogs/2010/01/01/01/20/log04.txt:  Under replicated blk_8708747861785078024_1142. Target Replicas is 3 but found 1 replica(s).
.
/user/ambari_qa/input-data/rawLogs/2010/01/01/01/40/_SUCCESS:  Under replicated blk_-4846925586133398499_1144. Target Replicas is 3 but found 1 replica(s).
.
/user/ambari_qa/input-data/rawLogs/2010/01/01/01/40/log05.txt:  Under replicated blk_3307311359493230255_1143. Target Replicas is 3 but found 1 replica(s).
.
/user/ambari_qa/input-data/rawLogs/2010/01/01/02/00/_SUCCESS:  Under replicated blk_-5754213439058676762_1147. Target Replicas is 3 but found 1 replica(s).
.
/user/ambari_qa/input-data/rawLogs/2010/01/01/02/00/log06.txt:  Under replicated blk_-7670307011659636624_1148. Target Replicas is 3 but found 1 replica(s).
.
/user/ambari_qa/input-data/text/data.txt:  Under replicated blk_-6937917715151323556_1153. Target Replicas is 3 but found 1 replica(s).
.
/user/ambari_qa/mapredsmokeinput:  Under replicated blk_-8645381941480802184_1003. Target Replicas is 3 but found 1 replica(s).
.
/user/ambari_qa/mapredsmokeoutput/part-r-00000:  Under replicated blk_5361029274508556469_1010. Target Replicas is 3 but found 1 replica(s).
.
/user/ambari_qa/passwd:  Under replicated blk_-3476344079376092165_1030. Target Replicas is 3 but found 1 replica(s).
.
/user/ambari_qa/pigsmoke.out/part-m-00000:  Under replicated blk_5153623687265622647_1037. Target Replicas is 3 but found 1 replica(s).
.
/user/hdfs/.staging/job_201209201459_0001/job.jar:  Under replicated blk_8517119731758670088_1244. Target Replicas is 10 but found 1 replica(s).
.
/user/hdfs/.staging/job_201209201459_0001/job.split:  Under replicated blk_2990654785837342926_1245. Target Replicas is 10 but found 1 replica(s).
.
/user/hdfs/.staging/job_201209201459_0001/job.splitmetainfo:  Under replicated blk_4755583422621294473_1246. Target Replicas is 3 but found 1 replica(s).
.
/user/hdfs/.staging/job_201209201459_0001/job.xml:  Under replicated blk_-605622088278921177_1247. Target Replicas is 3 but found 1 replica(s).
.
/user/hdfs/.staging/job_201209201503_0001/job.jar:  Under replicated blk_768400027447806610_1273. Target Replicas is 10 but found 1 replica(s).
.
/user/hdfs/.staging/job_201209201503_0001/job.split:  Under replicated blk_-605019357652451951_1274. Target Replicas is 10 but found 1 replica(s).
.
/user/hdfs/.staging/job_201209201503_0001/job.splitmetainfo:  Under replicated blk_1181340512034632840_1275. Target Replicas is 3 but found 1 replica(s).
.
/user/hdfs/.staging/job_201209201503_0001/job.xml:  Under replicated blk_4127081623227883806_1276. Target Replicas is 3 but found 1 replica(s).
.
/user/hdfs/.staging/job_201209201959_0001/job.jar:  Under replicated blk_5720875288839876910_1292. Target Replicas is 10 but found 1 replica(s).
.
/user/hdfs/.staging/job_201209201959_0001/job.split:  Under replicated blk_-4589354064080389043_1293. Target Replicas is 10 but found 1 replica(s).
.
/user/hdfs/.staging/job_201209201959_0001/job.splitmetainfo:  Under replicated blk_6337867843026139953_1294. Target Replicas is 3 but found 1 replica(s).
.
/user/hdfs/.staging/job_201209201959_0001/job.xml:  Under replicated blk_-589879429930640521_1295. Target Replicas is 3 but found 1 replica(s).
.
/user/hdfs/.staging/job_201209202002_0001/job.jar:  Under replicated blk_-5518218096335842866_1301. Target Replicas is 10 but found 1 replica(s).
.
/user/hdfs/.staging/job_201209202002_0001/job.split:  Under replicated blk_4360540901114673428_1302. Target Replicas is 10 but found 1 replica(s).
.
/user/hdfs/.staging/job_201209202002_0001/job.splitmetainfo:  Under replicated blk_889094345677402634_1303. Target Replicas is 3 but found 1 replica(s).
.
/user/hdfs/.staging/job_201209202002_0001/job.xml:  Under replicated blk_-1092511483118292067_1304. Target Replicas is 3 but found 1 replica(s).
.
/user/hdfs/.staging/job_201210041547_0007/job.jar:  Under replicated blk_8628559242164597275_1449. Target Replicas is 10 but found 1 replica(s).
.
/user/hdfs/.staging/job_201210041547_0007/job.split:  Under replicated blk_7368357592377290814_1450. Target Replicas is 10 but found 1 replica(s).
.
/user/hdfs/.staging/job_201210041547_0007/job.splitmetainfo:  Under replicated blk_3981975004169381151_1451. Target Replicas is 3 but found 1 replica(s).
.
/user/hdfs/.staging/job_201210041547_0007/job.xml:  Under replicated blk_-8611678610929133318_1452. Target Replicas is 3 but found 1 replica(s).
.
/user/hdfs/.staging/job_201210041547_0009/job.jar:  Under replicated blk_3671363062671259441_1456. Target Replicas is 10 but found 1 replica(s).
.
/user/hdfs/.staging/job_201210041547_0009/job.split:  Under replicated blk_-8337297429123508265_1457. Target Replicas is 10 but found 1 replica(s).
.
/user/hdfs/.staging/job_201210041547_0009/job.splitmetainfo:  Under replicated blk_5984324619413875959_1458. Target Replicas is 3 but found 1 replica(s).
.
/user/hdfs/.staging/job_201210041547_0009/job.xml:  Under replicated blk_4702912722033270387_1459. Target Replicas is 3 but found 1 replica(s).
.
/user/hdfs/.staging/job_201210041705_0001/job.jar:  Under replicated blk_6225058166524381067_1476. Target Replicas is 10 but found 1 replica(s).
.
/user/hdfs/.staging/job_201210041705_0001/job.split:  Under replicated blk_8753861105847807176_1477. Target Replicas is 10 but found 1 replica(s).
.
/user/hdfs/.staging/job_201210041705_0001/job.splitmetainfo:  Under replicated blk_-308848761675268566_1478. Target Replicas is 3 but found 1 replica(s).
.
/user/hdfs/.staging/job_201210041705_0001/job.xml:  Under replicated blk_8772436961061355562_1479. Target Replicas is 3 but found 1 replica(s).
.
/user/hdfs/passwd:  Under replicated blk_-8921623443512059864_1204. Target Replicas is 3 but found 1 replica(s).
.
/user/hdfs/passwd0:  Under replicated blk_88107424096431163_1222. Target Replicas is 3 but found 1 replica(s).
.
/user/hdfs/passwd1:  Under replicated blk_-3832749492186637913_1223. Target Replicas is 3 but found 1 replica(s).
.
/user/hdfs/passwd2:  Under replicated blk_2226720427334843117_1214. Target Replicas is 3 but found 1 replica(s).
.
/user/hdfs/passwd3:  Under replicated blk_2180152646109560785_1215. Target Replicas is 3 but found 1 replica(s).
.
/user/hdfs/passwd4:  Under replicated blk_-8343401589535072194_1216. Target Replicas is 3 but found 1 replica(s).
.
/user/hdfs/passwd5:  Under replicated blk_-3211820460654693139_1217. Target Replicas is 3 but found 1 replica(s).
.
/user/hdfs/passwd6:  Under replicated blk_6083550214198598186_1218. Target Replicas is 3 but found 1 replica(s).
.
/user/hdfs/passwd7:  Under replicated blk_1944129833160150243_1219. Target Replicas is 3 but found 1 replica(s).
.
/user/hdfs/passwd8:  Under replicated blk_-5036422535528298716_1220. Target Replicas is 3 but found 1 replica(s).
.
/user/hdfs/passwd9:  Under replicated blk_-5966878257329588063_1221. Target Replicas is 3 but found 1 replica(s).
.
/user/mapred/.staging/job_201209201459_0002/job.jar:  Under replicated blk_2961157009488848444_1253. Target Replicas is 10 but found 1 replica(s).
.
/user/mapred/.staging/job_201209201459_0003/job.jar:  Under replicated blk_1150881084354282509_1254. Target Replicas is 10 but found 1 replica(s).
.
/user/mapred/.staging/job_201209201459_0003/job.split:  Under replicated blk_-5784618989858265143_1255. Target Replicas is 10 but found 1 replica(s).
.
/user/mapred/.staging/job_201209201459_0003/job.splitmetainfo:  Under replicated blk_-1263119297058204373_1256. Target Replicas is 3 but found 1 replica(s).
.
/user/mapred/.staging/job_201209201459_0003/job.xml:  Under replicated blk_-7284135328442712496_1257. Target Replicas is 3 but found 1 replica(s).
.
/user/mapred/.staging/job_201210041547_0003/job.jar:  Under replicated blk_3303745426474598156_1420. Target Replicas is 10 but found 1 replica(s).
.
/user/mapred/.staging/job_201210041547_0003/job.split:  Under replicated blk_164478747415346333_1421. Target Replicas is 10 but found 1 replica(s).
.
/user/mapred/.staging/job_201210041547_0003/job.splitmetainfo:  Under replicated blk_6618615610391282637_1422. Target Replicas is 3 but found 1 replica(s).
.
/user/mapred/.staging/job_201210041547_0003/job.xml:  Under replicated blk_1073362874773725171_1423. Target Replicas is 3 but found 1 replica(s).
.
/user/mapred/.staging/job_201210041547_0004/job.jar:  Under replicated blk_-9144326515328577741_1428. Target Replicas is 10 but found 1 replica(s).
.
/user/mapred/.staging/job_201210041547_0004/job.split:  Under replicated blk_-4299759176643455376_1429. Target Replicas is 10 but found 1 replica(s).
.
/user/mapred/.staging/job_201210041547_0004/job.splitmetainfo:  Under replicated blk_-6936137194103505844_1430. Target Replicas is 3 but found 1 replica(s).
.
/user/mapred/.staging/job_201210041547_0004/job.xml:  Under replicated blk_-5380234667022280990_1431. Target Replicas is 3 but found 1 replica(s).
.
/user/mapred/.staging/job_201210041547_0005/job.jar:  Under replicated blk_-6860709978046722692_1435. Target Replicas is 10 but found 1 replica(s).
.
/user/mapred/.staging/job_201210041547_0005/job.split:  Under replicated blk_-285493558198779935_1436. Target Replicas is 10 but found 1 replica(s).
.
/user/mapred/.staging/job_201210041547_0005/job.splitmetainfo:  Under replicated blk_1233576141453841818_1437. Target Replicas is 3 but found 1 replica(s).
.
/user/mapred/.staging/job_201210041547_0005/job.xml:  Under replicated blk_4388852574024232842_1438. Target Replicas is 3 but found 1 replica(s).
.
/user/mapred/.staging/job_201210041547_0006/job.jar:  Under replicated blk_-1674542330916824550_1442. Target Replicas is 10 but found 1 replica(s).
.

/user/mapred/.staging/job_201210041547_0006/job.split:  Under replicated blk_527933245457634408_1443. Target Replicas is 10 but found 1 replica(s).
.
/user/mapred/.staging/job_201210041547_0006/job.splitmetainfo:  Under replicated blk_-4178914275619695983_1444. Target Replicas is 3 but found 1 replica(s).
.
/user/mapred/.staging/job_201210041547_0006/job.xml:  Under replicated blk_3259691933939289789_1445. Target Replicas is 3 but found 1 replica(s).
.
/user/mapred/.staging/job_201210041705_0002/job.jar:  Under replicated blk_54377326793927366_1484. Target Replicas is 10 but found 1 replica(s).
.
/user/mapred/.staging/job_201210041705_0002/job.split:  Under replicated blk_-8582772900296731996_1485. Target Replicas is 10 but found 1 replica(s).
.
/user/mapred/.staging/job_201210041705_0002/job.splitmetainfo:  Under replicated blk_-8141169228556192614_1486. Target Replicas is 3 but found 1 replica(s).
.
/user/mapred/.staging/job_201210041705_0002/job.xml:  Under replicated blk_-8719611184993536128_1487. Target Replicas is 3 but found 1 replica(s).
.
/user/mapred/passwd:  Under replicated blk_-4644459549833437693_1252. Target Replicas is 3 but found 1 replica(s).
.
/user/mapred/test/input/splitter/hive.log.2012-09-18.gz:  Under replicated blk_8240494940608378464_1417. Target Replicas is 3 but found 1 replica(s).
.
/user/mapred/test/input/splitter/hive.log.2012-09-28.gz:  Under replicated blk_349565032593001388_1418. Target Replicas is 3 but found 1 replica(s).
.
/user/mapred/test/input/splitter/hive.log.gz:  Under replicated blk_-4242719853430155262_1419. Target Replicas is 3 but found 1 replica(s).
.
/user/mapred/test/input/splitter/hive_job_log_hive_201209282134_691176708.txt.gz:  Under replicated blk_-8025685097887216191_1413. Target Replicas is 3 but found 1 replica(s).
.
/user/mapred/test/input/splitter/hive_job_log_hive_201209282215_2130450639.txt.gz:  Under replicated blk_3157599974176803397_1414. Target Replicas is 3 but found 1 replica(s).
.
/user/mapred/test/input/splitter/hive_job_log_hive_201209282301_194159810.txt.gz:  Under replicated blk_6079876416659137149_1415. Target Replicas is 3 but found 1 replica(s).
.
/user/mapred/test/input/splitter/hive_job_log_hive_201209282317_190443369.txt.gz:  Under replicated blk_-1397892379905717705_1416. Target Replicas is 3 but found 1 replica(s).
.
/user/mapred/test/output/splitter1/part-00000:  Under replicated blk_7461821394185889482_1499. Target Replicas is 3 but found 1 replica(s).
.
/user/mapred/test/output/splitter2/part-00000:  Under replicated blk_3456149026579192318_1508. Target Replicas is 3 but found 1 replica(s).
.
/user/mapred/test/output/splitter3/part-00000:  Under replicated blk_-6393835691565380344_1517. Target Replicas is 3 but found 1 replica(s).
.
/user/mapred/test/output/splitter4/part-00000:  Under replicated blk_3244518337356591406_1526. Target Replicas is 3 but found 1 replica(s).
.
/user/mapred/test/output/splitter5/part-00000:  Under replicated blk_6210281532640492991_1535. Target Replicas is 3 but found 1 replica(s).
.
/user/mapred/test/output/splitter6/part-00000:  Under replicated blk_4229611727701225175_1544. Target Replicas is 3 but found 1 replica(s).
.
/user/mapred/wc_o3/part-r-00000:  Under replicated blk_-2707579441566373367_1230. Target Replicas is 3 but found 1 replica(s).
.
/user/mapred/wc_o4/part-r-00000:  Under replicated blk_-2498805640051229439_1239. Target Replicas is 3 but found 1 replica(s).
.
/user/mapred/wc_o8/part-r-00000:  Under replicated blk_-4585220307526511938_1288. Target Replicas is 3 but found 1 replica(s).
.
/user/mapred/wc_op2/part-r-00000:  Under replicated blk_5684336216751205972_1211. Target Replicas is 3 but found 1 replica(s).
.
/user/mapred/wc_op6/part-r-00000:  Under replicated blk_5565442710499033609_1269. Target Replicas is 3 but found 1 replica(s).
.
/user/root/.staging/job_201210041547_0001/job.jar:  Under replicated blk_2131964808010394998_1399. Target Replicas is 10 but found 1 replica(s).
.
/user/root/.staging/job_201210041547_0001/job.split:  Under replicated blk_-2003093031157957820_1400. Target Replicas is 10 but found 1 replica(s).
.
/user/root/.staging/job_201210041547_0001/job.splitmetainfo:  Under replicated blk_-753039555710931686_1401. Target Replicas is 3 but found 1 replica(s).
.
/user/root/.staging/job_201210041547_0001/job.xml:  Under replicated blk_-5966808011384015642_1402. Target Replicas is 3 but found 1 replica(s).
.
/user/root/.staging/job_201210041547_0002/job.jar:  Under replicated blk_6976148128165955627_1406. Target Replicas is 10 but found 1 replica(s).
.
/user/root/.staging/job_201210041547_0002/job.split:  Under replicated blk_-3540701921901417138_1407. Target Replicas is 10 but found 1 replica(s).
.
/user/root/.staging/job_201210041547_0002/job.splitmetainfo:  Under replicated blk_-8135536919250968251_1408. Target Replicas is 3 but found 1 replica(s).
.
/user/root/.staging/job_201210041547_0002/job.xml:  Under replicated blk_4941058572726730990_1409. Target Replicas is 3 but found 1 replica(s).
.
/user/root/data1:  Under replicated blk_3008966589339320884_1562. Target Replicas is 3 but found 1 replica(s).
.
/user/root/data12:  Under replicated blk_-6954200795215092948_1803. Target Replicas is 3 but found 1 replica(s).
.
/user/root/data2:  Under replicated blk_3675121720904682488_1618. Target Replicas is 3 but found 1 replica(s).
.
/user/root/derby.log.gz:  Under replicated blk_5270993847185627702_1398. Target Replicas is 3 but found 1 replica(s).
.
/user/root/passwd:  Under replicated blk_7987382861264338203_1561. Target Replicas is 3 but found 1 replica(s).
..Status: HEALTHY
 Total size:	107167593 B
 Total dirs:	225
 Total files:	340
 Total blocks (validated):	337 (avg. block size 318004 B)
 Minimally replicated blocks:	337 (100.0 %)
 Over-replicated blocks:	0 (0.0 %)
 Under-replicated blocks:	337 (100.0 %)
 Mis-replicated blocks:		0 (0.0 %)
 Default replication factor:	3
 Average block replication:	1.0
 Corrupt blocks:		0
 Missing replicas:		891 (264.3917 %)
 Number of data-nodes:		1
 Number of racks:		1
FSCK ended at Thu Nov 01 00:22:51 PDT 2012 in 274 milliseconds


The filesystem under path '/' is HEALTHY
