drwxr-xr-x   - hdfs   hdfs          0 2012-10-29 14:50 /apps
drwxr-xr-x   - hdfs      hdfs          0 2012-10-29 16:36 /apps/hbase
drwx------   - hbase hdfs          0 2012-10-29 16:36 /apps/hbase/data
drwx------   - hbase hdfs          0 2012-10-29 14:49 /apps/hbase/data/-ROOT-
-rw-------   3 hbase hdfs        551 2012-09-18 22:38 /apps/hbase/data/-ROOT-/.tableinfo.0000000001
drwx------   - hbase hdfs          0 2012-09-18 22:38 /apps/hbase/data/-ROOT-/.tmp
drwx------   - hbase hdfs          0 2012-11-01 00:06 /apps/hbase/data/-ROOT-/70236052
drwx------   - hbase hdfs          0 2012-09-18 22:38 /apps/hbase/data/-ROOT-/70236052/.oldlogs
-rw-------   3 hbase hdfs        411 2012-09-18 22:38 /apps/hbase/data/-ROOT-/70236052/.oldlogs/hlog.1348033122535
-rw-------   3 hbase hdfs        109 2012-09-18 22:38 /apps/hbase/data/-ROOT-/70236052/.regioninfo
drwxr-x---   - hbase hdfs          0 2012-11-01 00:15 /apps/hbase/data/-ROOT-/70236052/.tmp
drwx------   - hbase hdfs          0 2012-11-01 00:15 /apps/hbase/data/-ROOT-/70236052/info
-rw-r-----   3 hbase hdfs       1844 2012-11-01 00:14 /apps/hbase/data/-ROOT-/70236052/info/099c3f190d0a4c5582d060d4b3d9ddfb
-rw-r-----   3 hbase hdfs        722 2012-11-01 00:15 /apps/hbase/data/-ROOT-/70236052/info/89090d15c1234ea3971a1ef95cfcbcc2
drwx------   - hbase hdfs          0 2012-11-01 00:06 /apps/hbase/data/-ROOT-/70236052/recovered.edits
drwx------   - hbase hdfs          0 2012-10-29 14:49 /apps/hbase/data/.META.
drwx------   - hbase hdfs          0 2012-11-01 00:06 /apps/hbase/data/.META./1028785192
drwx------   - hbase hdfs          0 2012-09-18 22:38 /apps/hbase/data/.META./1028785192/.oldlogs
-rw-------   3 hbase hdfs        124 2012-09-18 22:38 /apps/hbase/data/.META./1028785192/.oldlogs/hlog.1348033122775
-rw-------   3 hbase hdfs        111 2012-09-18 22:38 /apps/hbase/data/.META./1028785192/.regioninfo
drwxr-x---   - hbase hdfs          0 2012-11-01 00:15 /apps/hbase/data/.META./1028785192/.tmp
drwx------   - hbase hdfs          0 2012-11-01 00:15 /apps/hbase/data/.META./1028785192/info
-rw-r-----   3 hbase hdfs       3000 2012-11-01 00:14 /apps/hbase/data/.META./1028785192/info/61d0c5df9e464e44814303a5ce6259fe
-rw-r-----   3 hbase hdfs        918 2012-11-01 00:15 /apps/hbase/data/.META./1028785192/info/c82d92b13cb2443d89304501dd5ba79f
drwx------   - hbase hdfs          0 2012-11-01 00:06 /apps/hbase/data/.META./1028785192/recovered.edits
drwx------   - hbase hdfs          0 2012-09-20 09:25 /apps/hbase/data/.corrupt
drwx------   - hbase hdfs          0 2012-11-01 00:15 /apps/hbase/data/.logs
drwx------   - hbase hdfs          0 2012-11-01 00:15 /apps/hbase/data/.oldlogs
-rw-r-----   3 hbase hdfs        124 2012-11-01 00:06 /apps/hbase/data/.oldlogs/singlenode%2C60020%2C1351753584778.1351753585379
-rw-r-----   3 hbase hdfs        124 2012-11-01 00:06 /apps/hbase/data/.oldlogs/singlenode%2C60020%2C1351753584778.1351753586531
-rw-r-----   3 hbase hdfs        124 2012-11-01 00:06 /apps/hbase/data/.oldlogs/singlenode%2C60020%2C1351753584778.1351753587554
-rw-r-----   3 hbase hdfs        124 2012-11-01 00:06 /apps/hbase/data/.oldlogs/singlenode%2C60020%2C1351753584778.1351753588562
-rw-r-----   3 hbase hdfs        124 2012-11-01 00:06 /apps/hbase/data/.oldlogs/singlenode%2C60020%2C1351753584778.1351753589584
-rw-r-----   3 hbase hdfs        796 2012-11-01 00:06 /apps/hbase/data/.oldlogs/singlenode%2C60020%2C1351753584778.1351753590667
-rw-------   3 hbase hdfs         38 2012-09-18 22:38 /apps/hbase/data/hbase.id
-rw-------   3 hbase hdfs          3 2012-09-18 22:38 /apps/hbase/data/hbase.version
drwx------   - hbase hdfs          0 2012-11-01 00:06 /apps/hbase/data/splitlog
drwx------   - hbase hdfs          0 2012-09-28 22:54 /apps/hbase/data/usertable
-rw-------   3 hbase hdfs        527 2012-09-18 22:39 /apps/hbase/data/usertable/.tableinfo.0000000001
drwx------   - hbase hdfs          0 2012-09-18 22:39 /apps/hbase/data/usertable/.tmp
drwx------   - hbase hdfs          0 2012-11-01 00:14 /apps/hbase/data/usertable/04d8c97007b904b8549f1009f501754e
drwx------   - hbase hdfs          0 2012-09-18 22:39 /apps/hbase/data/usertable/04d8c97007b904b8549f1009f501754e/.oldlogs
-rw-------   3 hbase hdfs        124 2012-09-18 22:39 /apps/hbase/data/usertable/04d8c97007b904b8549f1009f501754e/.oldlogs/hlog.1348033163452
-rw-------   3 hbase hdfs        234 2012-09-18 22:39 /apps/hbase/data/usertable/04d8c97007b904b8549f1009f501754e/.regioninfo
drwxr-x---   - hbase hdfs          0 2012-11-01 00:14 /apps/hbase/data/usertable/04d8c97007b904b8549f1009f501754e/.tmp
drwx------   - hbase hdfs          0 2012-11-01 00:14 /apps/hbase/data/usertable/04d8c97007b904b8549f1009f501754e/family
-rw-r-----   3 hbase hdfs        637 2012-11-01 00:14 /apps/hbase/data/usertable/04d8c97007b904b8549f1009f501754e/family/be6df89e3ffa4fba935f29399eef2cd6
drwx------   - hbase hdfs          0 2012-09-20 09:26 /apps/hbase/data/usertable/04d8c97007b904b8549f1009f501754e/recovered.edits
drwxr-xr-x   - hdfs      hdfs          0 2012-10-29 11:21 /apps/hive
drwxrwxrwx   - hive hdevel          0 2012-10-29 11:21 /apps/hive/warehouse
drwxr-x---   - root      hdfs            0 2012-10-18 17:27 /apps/hive/warehouse/data1
-rw-r-----   3 root hdfs         34 2012-10-18 17:27 /apps/hive/warehouse/data1/data1
drwxr-x---   - root      hdfs            0 2012-10-18 17:27 /apps/hive/warehouse/data2
-rw-r-----   3 root hdfs         36 2012-10-18 17:27 /apps/hive/warehouse/data2/data2
drwx------   - ambari_qa hdfs            0 2012-09-18 22:43 /apps/hive/warehouse/hcatsmokeida8c06538_date421812
drwx------   - ambari_qa hdfs            0 2012-09-18 22:43 /apps/hive/warehouse/hivesmokeida8c06538_date421812
drwx------   - root      hdfs            0 2012-10-03 10:29 /apps/hive/warehouse/passwd
-rw-------   3 root hdfs       2451 2012-10-03 10:29 /apps/hive/warehouse/passwd/passwd
drwxr-x---   - ambari_qa hdevel          0 2012-10-29 10:17 /apps/hive/warehouse/wmg
drwxr-x---   - ambari_qa hdevel          0 2012-10-29 10:29 /apps/hive/warehouse/wmg2
drwxr-x---   - ambari_qa hdevel          0 2012-10-29 10:19 /apps/hive/warehouse/wmg2/dt=20120206
-rw-r-----   3 ambari_qa hdfs       2451 2012-10-29 10:19 /apps/hive/warehouse/wmg2/dt=20120206/passwd
drwxr-x---   - ambari_qa hdevel          0 2012-10-29 10:20 /apps/hive/warehouse/wmg2/dt=20120207
-rw-r-----   3 ambari_qa hdfs       2451 2012-10-29 10:20 /apps/hive/warehouse/wmg2/dt=20120207/passwd
drwxr-x---   - ambari_qa hdevel          0 2012-10-29 10:23 /apps/hive/warehouse/wmg2/dt=20120208
-rw-r-----   3 ambari_qa hdevel       2451 2012-10-29 10:23 /apps/hive/warehouse/wmg2/dt=20120208/passwd
drwxr-x---   - ambari_qa hdevel          0 2012-10-29 10:29 /apps/hive/warehouse/wmg2/dt=20120209
-rw-r-----   3 ambari_qa hdevel       2451 2012-10-29 10:29 /apps/hive/warehouse/wmg2/dt=20120209/passwd
drwxr-x---   - ambari_qa hdevel          0 2012-10-29 11:16 /apps/hive/warehouse/wmg3
drwxr-x---   - ambari_qa hdevel          0 2012-10-29 11:16 /apps/hive/warehouse/wmg3/dt=20120206
-rw-r-----   3 ambari_qa hdevel       2451 2012-10-29 11:16 /apps/hive/warehouse/wmg3/dt=20120206/000000_0
drwxr-x---   - ambari_qa hdevel          0 2012-10-29 11:16 /apps/hive/warehouse/wmg3/dt=20120207
-rw-r-----   3 ambari_qa hdevel       2451 2012-10-29 11:16 /apps/hive/warehouse/wmg3/dt=20120207/000000_0
drwxr-x---   - ambari_qa hdevel          0 2012-10-29 11:16 /apps/hive/warehouse/wmg3/dt=20120209
-rw-r-----   3 ambari_qa hdevel       2451 2012-10-29 11:16 /apps/hive/warehouse/wmg3/dt=20120209/000000_0
drwxr-x---   - ambari_qa hdevel          0 2012-10-29 11:21 /apps/hive/warehouse/wmg4
drwxr-x---   - ambari_qa hdevel2          0 2012-10-29 11:21 /apps/hive/warehouse/wmg4/dt=20120206
-rw-r-----   3 ambari_qa hdevel2       2451 2012-10-29 11:21 /apps/hive/warehouse/wmg4/dt=20120206/000000_0
drwxr-x---   - ambari_qa hdevel2          0 2012-10-29 11:21 /apps/hive/warehouse/wmg4/dt=20120207
-rw-r-----   3 ambari_qa hdevel2       2451 2012-10-29 11:21 /apps/hive/warehouse/wmg4/dt=20120207/000000_0
drwxr-x---   - ambari_qa hdevel2          0 2012-10-29 11:21 /apps/hive/warehouse/wmg4/dt=20120209
-rw-r-----   3 ambari_qa hdevel2       2451 2012-10-29 11:21 /apps/hive/warehouse/wmg4/dt=20120209/000000_0
drwxr-xr-x   - templeton hdfs          0 2012-09-18 22:44 /apps/templeton
-rw-r--r--   3 templeton hdfs     107399 2012-09-18 22:43 /apps/templeton/hadoop-streaming.jar
-rw-r--r--   3 templeton hdfs   30572138 2012-09-18 22:43 /apps/templeton/hive-0.9.0.15.tar.gz
-rw-r--r--   3 templeton hdfs   48582805 2012-09-18 22:44 /apps/templeton/pig-0.9.2.15.tar.gz
-rw-r--r--   3 templeton hdfs     136950 2012-09-18 22:43 /apps/templeton/ugi.jar
drwxr-xr-x   - mapred hdfs          0 2012-11-01 00:02 /mapred
drwx------   - mapred hdfs          0 2012-10-29 11:16 /mapred/history
drwx------   - mapred hdfs          0 2012-10-29 11:16 /mapred/history/done
drwx------   - mapred hdfs          0 2012-10-29 11:16 /mapred/history/done/version-1
drwx------   - mapred hdfs          0 2012-10-29 11:16 /mapred/history/done/version-1/singlenode_1348032970434_
drwx------   - mapred hdfs          0 2012-10-29 11:16 /mapred/history/done/version-1/singlenode_1348032970434_/2012
drwx------   - mapred hdfs          0 2012-10-29 11:16 /mapred/history/done/version-1/singlenode_1348032970434_/2012/09
drwx------   - mapred hdfs          0 2012-10-29 11:16 /mapred/history/done/version-1/singlenode_1348032970434_/2012/09/18
drwx------   - mapred hdfs          0 2012-10-29 11:16 /mapred/history/done/version-1/singlenode_1348158266938_
drwx------   - mapred hdfs          0 2012-10-29 11:16 /mapred/history/done/version-1/singlenode_1348158266938_/2012
drwx------   - mapred hdfs          0 2012-10-29 11:16 /mapred/history/done/version-1/singlenode_1348158266938_/2012/09
drwx------   - mapred hdfs          0 2012-10-29 11:16 /mapred/history/done/version-1/singlenode_1348158266938_/2012/09/20
drwx------   - mapred hdfs          0 2012-10-29 11:16 /mapred/history/done/version-1/singlenode_1348178354218_
drwx------   - mapred hdfs          0 2012-10-29 11:16 /mapred/history/done/version-1/singlenode_1348178354218_/2012
drwx------   - mapred hdfs          0 2012-10-29 11:16 /mapred/history/done/version-1/singlenode_1348178354218_/2012/09
drwx------   - mapred hdfs          0 2012-10-29 11:16 /mapred/history/done/version-1/singlenode_1348178354218_/2012/09/20
drwx------   - mapred hdfs          0 2012-10-29 11:16 /mapred/history/done/version-1/singlenode_1348178566689_
drwx------   - mapred hdfs          0 2012-10-29 11:16 /mapred/history/done/version-1/singlenode_1348178566689_/2012
drwx------   - mapred hdfs          0 2012-10-29 11:16 /mapred/history/done/version-1/singlenode_1348178566689_/2012/09
drwx------   - mapred hdfs          0 2012-10-29 11:16 /mapred/history/done/version-1/singlenode_1348178566689_/2012/09/20
drwx------   - mapred hdfs          0 2012-10-29 11:16 /mapred/history/done/version-1/singlenode_1348178630726_
drwx------   - mapred hdfs          0 2012-10-29 11:16 /mapred/history/done/version-1/singlenode_1348178630726_/2012
drwx------   - mapred hdfs          0 2012-10-29 11:16 /mapred/history/done/version-1/singlenode_1348178630726_/2012/09
drwx------   - mapred hdfs          0 2012-10-29 11:16 /mapred/history/done/version-1/singlenode_1348178630726_/2012/09/20
drwx------   - mapred hdfs          0 2012-10-29 11:16 /mapred/history/done/version-1/singlenode_1348178709090_
drwx------   - mapred hdfs          0 2012-10-29 11:16 /mapred/history/done/version-1/singlenode_1348178709090_/2012
drwx------   - mapred hdfs          0 2012-10-29 11:16 /mapred/history/done/version-1/singlenode_1348178709090_/2012/09
drwx------   - mapred hdfs          0 2012-10-29 11:16 /mapred/history/done/version-1/singlenode_1348178709090_/2012/09/20
drwx------   - mapred hdfs          0 2012-10-29 11:16 /mapred/history/done/version-1/singlenode_1348196383474_
drwx------   - mapred hdfs          0 2012-10-29 11:16 /mapred/history/done/version-1/singlenode_1348196383474_/2012
drwx------   - mapred hdfs          0 2012-10-29 11:16 /mapred/history/done/version-1/singlenode_1348196383474_/2012/09
drwx------   - mapred hdfs          0 2012-10-29 11:16 /mapred/history/done/version-1/singlenode_1348196383474_/2012/09/20
drwx------   - mapred hdfs          0 2012-10-29 11:16 /mapred/history/done/version-1/singlenode_1348196570175_
drwx------   - mapred hdfs          0 2012-10-29 11:16 /mapred/history/done/version-1/singlenode_1348196570175_/2012
drwx------   - mapred hdfs          0 2012-10-29 11:16 /mapred/history/done/version-1/singlenode_1348196570175_/2012/09
drwx------   - mapred hdfs          0 2012-10-29 11:16 /mapred/history/done/version-1/singlenode_1348196570175_/2012/09/20
drwx------   - mapred hdfs          0 2012-10-04 17:01 /mapred/history/done/version-1/singlenode_1349390849975_
drwx------   - mapred hdfs          0 2012-10-04 17:01 /mapred/history/done/version-1/singlenode_1349390849975_/2012
drwx------   - mapred hdfs          0 2012-10-04 17:01 /mapred/history/done/version-1/singlenode_1349390849975_/2012/10
drwx------   - mapred hdfs          0 2012-10-04 17:01 /mapred/history/done/version-1/singlenode_1349390849975_/2012/10/04
drwxr-xr-x   - mapred hdfs          0 2012-10-04 17:01 /mapred/history/done/version-1/singlenode_1349390849975_/2012/10/04/000000
-rw-r--r--   3 mapred hdfs       5082 2012-10-04 16:38 /mapred/history/done/version-1/singlenode_1349390849975_/2012/10/04/000000/job_201210041547_0001_1349393926215_root_ZipFileSplitter
-rw-r--r--   3 mapred hdfs      25851 2012-10-04 16:38 /mapred/history/done/version-1/singlenode_1349390849975_/2012/10/04/000000/job_201210041547_0001_conf.xml
-rw-r--r--   3 mapred hdfs       5082 2012-10-04 16:41 /mapred/history/done/version-1/singlenode_1349390849975_/2012/10/04/000000/job_201210041547_0002_1349394083975_root_ZipFileSplitter
-rw-r--r--   3 mapred hdfs      25851 2012-10-04 16:41 /mapred/history/done/version-1/singlenode_1349390849975_/2012/10/04/000000/job_201210041547_0002_conf.xml
-rw-r--r--   3 mapred hdfs       5001 2012-10-04 16:47 /mapred/history/done/version-1/singlenode_1349390849975_/2012/10/04/000000/job_201210041547_0003_1349394461028_mapred_ZipFileSplitter
-rw-r--r--   3 mapred hdfs      25878 2012-10-04 16:47 /mapred/history/done/version-1/singlenode_1349390849975_/2012/10/04/000000/job_201210041547_0003_conf.xml
-rw-r--r--   3 mapred hdfs       5001 2012-10-04 16:49 /mapred/history/done/version-1/singlenode_1349390849975_/2012/10/04/000000/job_201210041547_0004_1349394574863_mapred_ZipFileSplitter
-rw-r--r--   3 mapred hdfs      25878 2012-10-04 16:49 /mapred/history/done/version-1/singlenode_1349390849975_/2012/10/04/000000/job_201210041547_0004_conf.xml
-rw-r--r--   3 mapred hdfs       4915 2012-10-04 16:50 /mapred/history/done/version-1/singlenode_1349390849975_/2012/10/04/000000/job_201210041547_0005_1349394653894_mapred_ZipFileSplitter
-rw-r--r--   3 mapred hdfs      25878 2012-10-04 16:50 /mapred/history/done/version-1/singlenode_1349390849975_/2012/10/04/000000/job_201210041547_0005_conf.xml
-rw-r--r--   3 mapred hdfs       4945 2012-10-04 16:52 /mapred/history/done/version-1/singlenode_1349390849975_/2012/10/04/000000/job_201210041547_0006_1349394728875_mapred_ZipFileSplitter
-rw-r--r--   3 mapred hdfs      25878 2012-10-04 16:52 /mapred/history/done/version-1/singlenode_1349390849975_/2012/10/04/000000/job_201210041547_0006_conf.xml
-rw-r--r--   3 mapred hdfs       4941 2012-10-04 16:57 /mapred/history/done/version-1/singlenode_1349390849975_/2012/10/04/000000/job_201210041547_0007_1349395070794_hdfs_ZipFileSplitter
-rw-r--r--   3 mapred hdfs      25870 2012-10-04 16:57 /mapred/history/done/version-1/singlenode_1349390849975_/2012/10/04/000000/job_201210041547_0007_conf.xml
-rw-r--r--   3 mapred hdfs       5026 2012-10-04 17:01 /mapred/history/done/version-1/singlenode_1349390849975_/2012/10/04/000000/job_201210041547_0009_1349395275882_hdfs_ZipFileSplitter
-rw-r--r--   3 mapred hdfs      25870 2012-10-04 17:01 /mapred/history/done/version-1/singlenode_1349390849975_/2012/10/04/000000/job_201210041547_0009_conf.xml
drwx------   - mapred hdfs          0 2012-10-04 17:15 /mapred/history/done/version-1/singlenode_1349395502486_
drwx------   - mapred hdfs          0 2012-10-04 17:15 /mapred/history/done/version-1/singlenode_1349395502486_/2012
drwx------   - mapred hdfs          0 2012-10-04 17:15 /mapred/history/done/version-1/singlenode_1349395502486_/2012/10
drwx------   - mapred hdfs          0 2012-10-04 17:15 /mapred/history/done/version-1/singlenode_1349395502486_/2012/10/04
drwxr-xr-x   - mapred hdfs          0 2012-10-04 17:15 /mapred/history/done/version-1/singlenode_1349395502486_/2012/10/04/000000
-rw-r--r--   3 mapred hdfs      48858 2012-10-04 17:11 /mapred/history/done/version-1/singlenode_1349395502486_/2012/10/04/000000/job_201210041705_0001_1349395901184_hdfs_ZipFileSplitter
-rw-r--r--   3 mapred hdfs      25870 2012-10-04 17:11 /mapred/history/done/version-1/singlenode_1349395502486_/2012/10/04/000000/job_201210041705_0001_conf.xml
-rw-r--r--   3 mapred hdfs      48862 2012-10-04 17:15 /mapred/history/done/version-1/singlenode_1349395502486_/2012/10/04/000000/job_201210041705_0002_1349396104913_mapred_ZipFileSplitter
-rw-r--r--   3 mapred hdfs      25878 2012-10-04 17:15 /mapred/history/done/version-1/singlenode_1349395502486_/2012/10/04/000000/job_201210041705_0002_conf.xml
drwx------   - mapred hdfs          0 2012-10-04 17:33 /mapred/history/done/version-1/singlenode_1349396220608_
drwx------   - mapred hdfs          0 2012-10-04 17:33 /mapred/history/done/version-1/singlenode_1349396220608_/2012
drwx------   - mapred hdfs          0 2012-10-04 17:33 /mapred/history/done/version-1/singlenode_1349396220608_/2012/10
drwx------   - mapred hdfs          0 2012-10-04 17:33 /mapred/history/done/version-1/singlenode_1349396220608_/2012/10/04
drwxr-xr-x   - mapred hdfs          0 2012-10-04 17:33 /mapred/history/done/version-1/singlenode_1349396220608_/2012/10/04/000000
-rw-r--r--   3 mapred hdfs      33723 2012-10-04 17:18 /mapred/history/done/version-1/singlenode_1349396220608_/2012/10/04/000000/job_201210041716_0001_1349396227957_mapred_ZipFileSplitter
-rw-r--r--   3 mapred hdfs      25886 2012-10-04 17:18 /mapred/history/done/version-1/singlenode_1349396220608_/2012/10/04/000000/job_201210041716_0001_conf.xml
-rw-r--r--   3 mapred hdfs      33719 2012-10-04 17:23 /mapred/history/done/version-1/singlenode_1349396220608_/2012/10/04/000000/job_201210041716_0002_1349396531358_mapred_ZipFileSplitter
-rw-r--r--   3 mapred hdfs      25886 2012-10-04 17:23 /mapred/history/done/version-1/singlenode_1349396220608_/2012/10/04/000000/job_201210041716_0002_conf.xml
-rw-r--r--   3 mapred hdfs      33697 2012-10-04 17:25 /mapred/history/done/version-1/singlenode_1349396220608_/2012/10/04/000000/job_201210041716_0003_1349396666734_mapred_ZipFileSplitter
-rw-r--r--   3 mapred hdfs      25886 2012-10-04 17:25 /mapred/history/done/version-1/singlenode_1349396220608_/2012/10/04/000000/job_201210041716_0003_conf.xml
-rw-r--r--   3 mapred hdfs      33700 2012-10-04 17:26 /mapred/history/done/version-1/singlenode_1349396220608_/2012/10/04/000000/job_201210041716_0004_1349396726431_mapred_ZipFileSplitter
-rw-r--r--   3 mapred hdfs      25886 2012-10-04 17:26 /mapred/history/done/version-1/singlenode_1349396220608_/2012/10/04/000000/job_201210041716_0004_conf.xml
-rw-r--r--   3 mapred hdfs      33697 2012-10-04 17:28 /mapred/history/done/version-1/singlenode_1349396220608_/2012/10/04/000000/job_201210041716_0005_1349396831888_mapred_ZipFileSplitter
-rw-r--r--   3 mapred hdfs      25886 2012-10-04 17:28 /mapred/history/done/version-1/singlenode_1349396220608_/2012/10/04/000000/job_201210041716_0005_conf.xml
-rw-r--r--   3 mapred hdfs      30615 2012-10-04 17:33 /mapred/history/done/version-1/singlenode_1349396220608_/2012/10/04/000000/job_201210041716_0006_1349397167599_mapred_ZipFileSplitter
-rw-r--r--   3 mapred hdfs      25886 2012-10-04 17:33 /mapred/history/done/version-1/singlenode_1349396220608_/2012/10/04/000000/job_201210041716_0006_conf.xml
drwx------   - mapred hdfs          0 2012-10-18 17:42 /mapred/history/done/version-1/singlenode_1350598825740_
drwx------   - mapred hdfs          0 2012-10-18 17:42 /mapred/history/done/version-1/singlenode_1350598825740_/2012
drwx------   - mapred hdfs          0 2012-10-18 17:42 /mapred/history/done/version-1/singlenode_1350598825740_/2012/10
drwx------   - mapred hdfs          0 2012-10-18 17:42 /mapred/history/done/version-1/singlenode_1350598825740_/2012/10/18
drwxr-xr-x   - mapred hdfs          0 2012-10-18 17:42 /mapred/history/done/version-1/singlenode_1350598825740_/2012/10/18/000000
-rw-r--r--   3 mapred hdfs       8984 2012-10-18 15:35 /mapred/history/done/version-1/singlenode_1350598825740_/2012/10/18/000000/job_201210181520_0001_1350599717968_root_Job7732751343968754954.jar
-rw-r--r--   3 mapred hdfs     126304 2012-10-18 15:35 /mapred/history/done/version-1/singlenode_1350598825740_/2012/10/18/000000/job_201210181520_0001_conf.xml
-rw-r--r--   3 mapred hdfs       9490 2012-10-18 15:36 /mapred/history/done/version-1/singlenode_1350598825740_/2012/10/18/000000/job_201210181520_0002_1350599747448_root_Job1663716354750025340.jar
-rw-r--r--   3 mapred hdfs     126300 2012-10-18 15:36 /mapred/history/done/version-1/singlenode_1350598825740_/2012/10/18/000000/job_201210181520_0002_conf.xml
-rw-r--r--   3 mapred hdfs      17146 2012-10-18 15:37 /mapred/history/done/version-1/singlenode_1350598825740_/2012/10/18/000000/job_201210181520_0003_1350599822928_root_Job6595020122877066977.jar
-rw-r--r--   3 mapred hdfs     144609 2012-10-18 15:37 /mapred/history/done/version-1/singlenode_1350598825740_/2012/10/18/000000/job_201210181520_0003_conf.xml
-rw-r--r--   3 mapred hdfs      17141 2012-10-18 15:40 /mapred/history/done/version-1/singlenode_1350598825740_/2012/10/18/000000/job_201210181520_0004_1350599979365_root_PigLatin%3ADefaultJobName
-rw-r--r--   3 mapred hdfs     144702 2012-10-18 15:40 /mapred/history/done/version-1/singlenode_1350598825740_/2012/10/18/000000/job_201210181520_0004_conf.xml
-rw-r--r--   3 mapred hdfs      17145 2012-10-18 15:42 /mapred/history/done/version-1/singlenode_1350598825740_/2012/10/18/000000/job_201210181520_0005_1350600132903_root_Job6478530430123176556.jar
-rw-r--r--   3 mapred hdfs     144657 2012-10-18 15:42 /mapred/history/done/version-1/singlenode_1350598825740_/2012/10/18/000000/job_201210181520_0005_conf.xml
-rw-r--r--   3 mapred hdfs      17141 2012-10-18 15:46 /mapred/history/done/version-1/singlenode_1350598825740_/2012/10/18/000000/job_201210181520_0006_1350600381781_root_PigLatin%3ADefaultJobName
-rw-r--r--   3 mapred hdfs     144710 2012-10-18 15:46 /mapred/history/done/version-1/singlenode_1350598825740_/2012/10/18/000000/job_201210181520_0006_conf.xml
-rw-r--r--   3 mapred hdfs      16825 2012-10-18 15:50 /mapred/history/done/version-1/singlenode_1350598825740_/2012/10/18/000000/job_201210181520_0007_1350600627330_root_Job2762008348482781550.jar
-rw-r--r--   3 mapred hdfs     144625 2012-10-18 15:50 /mapred/history/done/version-1/singlenode_1350598825740_/2012/10/18/000000/job_201210181520_0007_conf.xml
-rw-r--r--   3 mapred hdfs      13366 2012-10-18 15:52 /mapred/history/done/version-1/singlenode_1350598825740_/2012/10/18/000000/job_201210181520_0008_1350600698816_root_Job2276387807841214403.jar
-rw-r--r--   3 mapred hdfs     136315 2012-10-18 15:52 /mapred/history/done/version-1/singlenode_1350598825740_/2012/10/18/000000/job_201210181520_0008_conf.xml
-rw-r--r--   3 mapred hdfs      13363 2012-10-18 15:52 /mapred/history/done/version-1/singlenode_1350598825740_/2012/10/18/000000/job_201210181520_0009_1350600754353_root_Job6655320611278979374.jar
-rw-r--r--   3 mapred hdfs     136300 2012-10-18 15:52 /mapred/history/done/version-1/singlenode_1350598825740_/2012/10/18/000000/job_201210181520_0009_conf.xml
-rw-r--r--   3 mapred hdfs       8981 2012-10-18 15:53 /mapred/history/done/version-1/singlenode_1350598825740_/2012/10/18/000000/job_201210181520_0010_1350600808526_root_Job825417535886649864.jar
-rw-r--r--   3 mapred hdfs     129851 2012-10-18 15:53 /mapred/history/done/version-1/singlenode_1350598825740_/2012/10/18/000000/job_201210181520_0010_conf.xml
-rw-r--r--   3 mapred hdfs       8982 2012-10-18 15:56 /mapred/history/done/version-1/singlenode_1350598825740_/2012/10/18/000000/job_201210181520_0011_1350600950022_root_Job6720606001654242336.jar
-rw-r--r--   3 mapred hdfs     129862 2012-10-18 15:56 /mapred/history/done/version-1/singlenode_1350598825740_/2012/10/18/000000/job_201210181520_0011_conf.xml
-rw-r--r--   3 mapred hdfs       8982 2012-10-18 15:57 /mapred/history/done/version-1/singlenode_1350598825740_/2012/10/18/000000/job_201210181520_0012_1350601039226_root_Job8648571137002392197.jar
-rw-r--r--   3 mapred hdfs     129862 2012-10-18 15:57 /mapred/history/done/version-1/singlenode_1350598825740_/2012/10/18/000000/job_201210181520_0012_conf.xml
-rw-r--r--   3 mapred hdfs       8982 2012-10-18 15:58 /mapred/history/done/version-1/singlenode_1350598825740_/2012/10/18/000000/job_201210181520_0013_1350601122534_root_Job4372772760882062444.jar
-rw-r--r--   3 mapred hdfs     128378 2012-10-18 15:58 /mapred/history/done/version-1/singlenode_1350598825740_/2012/10/18/000000/job_201210181520_0013_conf.xml
-rw-r--r--   3 mapred hdfs      13365 2012-10-18 15:59 /mapred/history/done/version-1/singlenode_1350598825740_/2012/10/18/000000/job_201210181520_0014_1350601141093_root_Job286571091906694703.jar
-rw-r--r--   3 mapred hdfs     152128 2012-10-18 15:59 /mapred/history/done/version-1/singlenode_1350598825740_/2012/10/18/000000/job_201210181520_0014_conf.xml
-rw-r--r--   3 mapred hdfs      13484 2012-10-18 15:59 /mapred/history/done/version-1/singlenode_1350598825740_/2012/10/18/000000/job_201210181520_0015_1350601170171_root_Job1844211267681740342.jar
-rw-r--r--   3 mapred hdfs     139276 2012-10-18 15:59 /mapred/history/done/version-1/singlenode_1350598825740_/2012/10/18/000000/job_201210181520_0015_conf.xml
-rw-r--r--   3 mapred hdfs      18509 2012-10-18 17:23 /mapred/history/done/version-1/singlenode_1350598825740_/2012/10/18/000000/job_201210181520_0016_1350606150888_root_select+data1.*%2C+data2.*+from+da...data2.col2%28Stage
-rw-r--r--   3 mapred hdfs      47830 2012-10-18 17:23 /mapred/history/done/version-1/singlenode_1350598825740_/2012/10/18/000000/job_201210181520_0016_conf.xml
-rw-r--r--   3 mapred hdfs       8799 2012-10-18 17:26 /mapred/history/done/version-1/singlenode_1350598825740_/2012/10/18/000000/job_201210181520_0017_1350606390385_root_select+data1.*%2C+data2.*+from+da...data2.col2%28Stage
-rw-r--r--   3 mapred hdfs      47930 2012-10-18 17:26 /mapred/history/done/version-1/singlenode_1350598825740_/2012/10/18/000000/job_201210181520_0017_conf.xml
-rw-r--r--   3 mapred hdfs      18689 2012-10-18 17:28 /mapred/history/done/version-1/singlenode_1350598825740_/2012/10/18/000000/job_201210181520_0018_1350606447006_root_select+data1.*%2C+data2.*+from+da...data2.col2%28Stage
-rw-r--r--   3 mapred hdfs      47832 2012-10-18 17:28 /mapred/history/done/version-1/singlenode_1350598825740_/2012/10/18/000000/job_201210181520_0018_conf.xml
-rw-r--r--   3 mapred hdfs      18688 2012-10-18 17:29 /mapred/history/done/version-1/singlenode_1350598825740_/2012/10/18/000000/job_201210181520_0019_1350606536062_root_from+data1+join+data2+on+data1.col...data2.*%28Stage
-rw-r--r--   3 mapred hdfs      47833 2012-10-18 17:29 /mapred/history/done/version-1/singlenode_1350598825740_/2012/10/18/000000/job_201210181520_0019_conf.xml
-rw-r--r--   3 mapred hdfs      14764 2012-10-18 17:34 /mapred/history/done/version-1/singlenode_1350598825740_/2012/10/18/000000/job_201210181520_0020_1350606863459_root_select+*+from+data1+group+by+col1%28Stage-1%29
-rw-r--r--   3 mapred hdfs      47733 2012-10-18 17:34 /mapred/history/done/version-1/singlenode_1350598825740_/2012/10/18/000000/job_201210181520_0020_conf.xml
-rw-r--r--   3 mapred hdfs      14767 2012-10-18 17:35 /mapred/history/done/version-1/singlenode_1350598825740_/2012/10/18/000000/job_201210181520_0021_1350606909854_root_select+*+from+data1+group+by+col2%28Stage-1%29
-rw-r--r--   3 mapred hdfs      47733 2012-10-18 17:35 /mapred/history/done/version-1/singlenode_1350598825740_/2012/10/18/000000/job_201210181520_0021_conf.xml
-rw-r--r--   3 mapred hdfs      18693 2012-10-18 17:40 /mapred/history/done/version-1/singlenode_1350598825740_/2012/10/18/000000/job_201210181520_0022_1350607165738_root_select+data1.*%2C+data2.*+from+da...data2.col2%28Stage
-rw-r--r--   3 mapred hdfs      47844 2012-10-18 17:40 /mapred/history/done/version-1/singlenode_1350598825740_/2012/10/18/000000/job_201210181520_0022_conf.xml
-rw-r--r--   3 mapred hdfs      18691 2012-10-18 17:42 /mapred/history/done/version-1/singlenode_1350598825740_/2012/10/18/000000/job_201210181520_0023_1350607278728_root_select+data1.*%2C+data2.*+from+da...data2.col2%28Stage
-rw-r--r--   3 mapred hdfs      47843 2012-10-18 17:42 /mapred/history/done/version-1/singlenode_1350598825740_/2012/10/18/000000/job_201210181520_0023_conf.xml
drwx------   - mapred hdfs          0 2012-10-29 11:21 /mapred/history/done/version-1/singlenode_1351530777571_
drwx------   - mapred hdfs          0 2012-10-29 11:21 /mapred/history/done/version-1/singlenode_1351530777571_/2012
drwx------   - mapred hdfs          0 2012-10-29 11:21 /mapred/history/done/version-1/singlenode_1351530777571_/2012/10
drwx------   - mapred hdfs          0 2012-10-29 11:21 /mapred/history/done/version-1/singlenode_1351530777571_/2012/10/29
drwxr-xr-x   - mapred hdfs          0 2012-10-29 11:21 /mapred/history/done/version-1/singlenode_1351530777571_/2012/10/29/000000
-rw-r--r--   3 mapred hdfs      11754 2012-10-29 11:16 /mapred/history/done/version-1/singlenode_1351530777571_/2012/10/29/000000/job_201210291012_0001_1351534563468_ambari%5Fqa_insert+overwrite+table++wmg3+partitio...wmg2%28Stage
-rw-r--r--   3 mapred hdfs      47987 2012-10-29 11:16 /mapred/history/done/version-1/singlenode_1351530777571_/2012/10/29/000000/job_201210291012_0001_conf.xml
-rw-r--r--   3 mapred hdfs      11744 2012-10-29 11:21 /mapred/history/done/version-1/singlenode_1351530777571_/2012/10/29/000000/job_201210291012_0002_1351534876219_ambari%5Fqa_insert+overwrite+table++wmg4+partitio...wmg2%28Stage
-rw-r--r--   3 mapred hdfs      47985 2012-10-29 11:21 /mapred/history/done/version-1/singlenode_1351530777571_/2012/10/29/000000/job_201210291012_0002_conf.xml
drwx------   - mapred hdfs          0 2012-11-01 00:02 /mapred/system
-rw-------   3 mapred hdfs          4 2012-11-01 00:02 /mapred/system/jobtracker.info
drwxrwxrwx   - hdfs   hdfs          0 2012-10-29 11:21 /tmp
drwxrwxrwx   - ambari_qa hdevel2          0 2012-10-29 11:21 /tmp/hive-ambari_qa
drwxrwxrwx   - hdfs      hdfs             0 2012-10-03 10:27 /tmp/hive-hdfs
drwxrwxrwx   - root      hdfs             0 2012-10-18 17:42 /tmp/hive-root
-rw-------   3 hdfs      hdfs          2451 2012-09-18 22:35 /tmp/ida8c06538_date351812
drwxr-xr-x   - hdfs   hdfs          0 2012-10-29 17:37 /user
drwxrwx---   - ambari_qa hdfs            0 2012-10-29 11:21 /user/ambari_qa
drwx------   - ambari_qa hdfs          0 2012-10-29 11:21 /user/ambari_qa/.staging
drwx------   - ambari_qa hdfs          0 2012-09-18 22:41 /user/ambari_qa/examples
drwx------   - ambari_qa hdfs          0 2012-09-18 22:41 /user/ambari_qa/examples/apps
drwx------   - ambari_qa hdfs          0 2012-09-18 22:41 /user/ambari_qa/examples/apps/aggregator
-rw-------   3 ambari_qa hdfs       3043 2012-09-18 22:41 /user/ambari_qa/examples/apps/aggregator/coordinator.xml
-rw-------   3 ambari_qa hdfs       1029 2012-09-18 22:41 /user/ambari_qa/examples/apps/aggregator/job.properties
drwx------   - ambari_qa hdfs          0 2012-09-18 22:41 /user/ambari_qa/examples/apps/aggregator/lib
-rw-------   3 ambari_qa hdfs      15729 2012-09-18 22:41 /user/ambari_qa/examples/apps/aggregator/lib/oozie-examples-3.1.3-incubating.jar
-rw-------   3 ambari_qa hdfs       2424 2012-09-18 22:41 /user/ambari_qa/examples/apps/aggregator/workflow.xml
drwx------   - ambari_qa hdfs          0 2012-09-18 22:41 /user/ambari_qa/examples/apps/bundle
-rw-------   3 ambari_qa hdfs       1482 2012-09-18 22:41 /user/ambari_qa/examples/apps/bundle/bundle.xml
-rw-------   3 ambari_qa hdfs       1062 2012-09-18 22:41 /user/ambari_qa/examples/apps/bundle/job.properties
drwx------   - ambari_qa hdfs          0 2012-09-18 22:41 /user/ambari_qa/examples/apps/cron
-rw-------   3 ambari_qa hdfs       1596 2012-09-18 22:41 /user/ambari_qa/examples/apps/cron/coordinator.xml
-rw-------   3 ambari_qa hdfs       1093 2012-09-18 22:41 /user/ambari_qa/examples/apps/cron/job.properties
-rw-------   3 ambari_qa hdfs        918 2012-09-18 22:41 /user/ambari_qa/examples/apps/cron/workflow.xml
drwx------   - ambari_qa hdfs          0 2012-09-18 22:41 /user/ambari_qa/examples/apps/custom-main
-rw-------   3 ambari_qa hdfs        930 2012-09-18 22:41 /user/ambari_qa/examples/apps/custom-main/id.pig
-rw-------   3 ambari_qa hdfs       1048 2012-09-18 22:41 /user/ambari_qa/examples/apps/custom-main/job.properties
drwx------   - ambari_qa hdfs          0 2012-09-18 22:41 /user/ambari_qa/examples/apps/custom-main/lib
-rw-------   3 ambari_qa hdfs      15729 2012-09-18 22:41 /user/ambari_qa/examples/apps/custom-main/lib/oozie-examples-3.1.3-incubating.jar
-rw-------   3 ambari_qa hdfs       4283 2012-09-18 22:41 /user/ambari_qa/examples/apps/custom-main/workflow.xml
drwx------   - ambari_qa hdfs          0 2012-09-18 22:41 /user/ambari_qa/examples/apps/datelist-java-main
-rw-------   3 ambari_qa hdfs       1138 2012-09-18 22:41 /user/ambari_qa/examples/apps/datelist-java-main/job.properties
-rw-------   3 ambari_qa hdfs       1982 2012-09-18 22:41 /user/ambari_qa/examples/apps/datelist-java-main/workflow.xml
drwx------   - ambari_qa hdfs          0 2012-09-18 22:41 /user/ambari_qa/examples/apps/demo
-rw-------   3 ambari_qa hdfs        930 2012-09-18 22:41 /user/ambari_qa/examples/apps/demo/id.pig
-rw-------   3 ambari_qa hdfs       1057 2012-09-18 22:41 /user/ambari_qa/examples/apps/demo/job.properties
drwx------   - ambari_qa hdfs          0 2012-09-18 22:41 /user/ambari_qa/examples/apps/demo/lib
-rw-------   3 ambari_qa hdfs      15729 2012-09-18 22:41 /user/ambari_qa/examples/apps/demo/lib/oozie-examples-3.1.3-incubating.jar
-rw-------   3 ambari_qa hdfs       6136 2012-09-18 22:41 /user/ambari_qa/examples/apps/demo/workflow.xml
drwx------   - ambari_qa hdfs          0 2012-09-18 22:41 /user/ambari_qa/examples/apps/examples-lib
-rw-------   3 ambari_qa hdfs    1034049 2012-09-18 22:41 /user/ambari_qa/examples/apps/examples-lib/ant-1.6.5.jar
-rw-------   3 ambari_qa hdfs     445288 2012-09-18 22:41 /user/ambari_qa/examples/apps/examples-lib/antlr-2.7.7.jar
-rw-------   3 ambari_qa hdfs     164368 2012-09-18 22:41 /user/ambari_qa/examples/apps/examples-lib/antlr-runtime-3.4.jar
-rw-------   3 ambari_qa hdfs      43398 2012-09-18 22:41 /user/ambari_qa/examples/apps/examples-lib/asm-3.2.jar
-rw-------   3 ambari_qa hdfs     339671 2012-09-18 22:41 /user/ambari_qa/examples/apps/examples-lib/avro-1.3.2.jar
-rw-------   3 ambari_qa hdfs      41123 2012-09-18 22:41 /user/ambari_qa/examples/apps/examples-lib/commons-cli-1.2.jar
-rw-------   3 ambari_qa hdfs      58160 2012-09-18 22:41 /user/ambari_qa/examples/apps/examples-lib/commons-codec-1.4.jar
-rw-------   3 ambari_qa hdfs     112341 2012-09-18 22:41 /user/ambari_qa/examples/apps/examples-lib/commons-el-1.0.jar
-rw-------   3 ambari_qa hdfs     305001 2012-09-18 22:41 /user/ambari_qa/examples/apps/examples-lib/commons-httpclient-3.1.jar
-rw-------   3 ambari_qa hdfs     279193 2012-09-18 22:41 /user/ambari_qa/examples/apps/examples-lib/commons-lang-2.5.jar
-rw-------   3 ambari_qa hdfs      52915 2012-09-18 22:41 /user/ambari_qa/examples/apps/examples-lib/commons-logging-1.1.jar
-rw-------   3 ambari_qa hdfs     180792 2012-09-18 22:41 /user/ambari_qa/examples/apps/examples-lib/commons-net-1.4.1.jar
-rw-------   3 ambari_qa hdfs    3566844 2012-09-18 22:41 /user/ambari_qa/examples/apps/examples-lib/core-3.1.1.jar
-rw-------   3 ambari_qa hdfs    1143921 2012-09-18 22:41 /user/ambari_qa/examples/apps/examples-lib/guava-r09.jar
-rw-------   3 ambari_qa hdfs     107399 2012-09-18 22:41 /user/ambari_qa/examples/apps/examples-lib/hadoop-streaming-1.0.3.15.jar
-rw-------   3 ambari_qa hdfs     643727 2012-09-18 22:41 /user/ambari_qa/examples/apps/examples-lib/hsqldb-1.8.0.7.jar
-rw-------   3 ambari_qa hdfs     150970 2012-09-18 22:41 /user/ambari_qa/examples/apps/examples-lib/jackson-core-asl-1.4.2.jar
-rw-------   3 ambari_qa hdfs     386509 2012-09-18 22:41 /user/ambari_qa/examples/apps/examples-lib/jackson-mapper-asl-1.4.2.jar
-rw-------   3 ambari_qa hdfs     405086 2012-09-18 22:41 /user/ambari_qa/examples/apps/examples-lib/jasper-compiler-5.5.12.jar
-rw-------   3 ambari_qa hdfs      76698 2012-09-18 22:41 /user/ambari_qa/examples/apps/examples-lib/jasper-runtime-5.5.12.jar
-rw-------   3 ambari_qa hdfs     377780 2012-09-18 22:41 /user/ambari_qa/examples/apps/examples-lib/jets3t-0.7.1.jar
-rw-------   3 ambari_qa hdfs     516429 2012-09-18 22:41 /user/ambari_qa/examples/apps/examples-lib/jetty-6.1.14.jar
-rw-------   3 ambari_qa hdfs     177131 2012-09-18 22:41 /user/ambari_qa/examples/apps/examples-lib/jetty-util-6.1.26.jar
-rw-------   3 ambari_qa hdfs      87325 2012-09-18 22:41 /user/ambari_qa/examples/apps/examples-lib/jline-0.9.94.jar
-rw-------   3 ambari_qa hdfs    1024680 2012-09-18 22:41 /user/ambari_qa/examples/apps/examples-lib/jsp-2.1-6.1.14.jar
-rw-------   3 ambari_qa hdfs     134910 2012-09-18 22:41 /user/ambari_qa/examples/apps/examples-lib/jsp-api-2.1-6.1.14.jar
-rw-------   3 ambari_qa hdfs     121070 2012-09-18 22:41 /user/ambari_qa/examples/apps/examples-lib/junit-3.8.1.jar
-rw-------   3 ambari_qa hdfs    6596518 2012-09-18 22:41 /user/ambari_qa/examples/apps/examples-lib/jython-2.5.0.jar
-rw-------   3 ambari_qa hdfs      11981 2012-09-18 22:41 /user/ambari_qa/examples/apps/examples-lib/kfs-0.3.jar
-rw-------   3 ambari_qa hdfs     391834 2012-09-18 22:41 /user/ambari_qa/examples/apps/examples-lib/log4j-1.2.15.jar
-rw-------   3 ambari_qa hdfs      65261 2012-09-18 22:41 /user/ambari_qa/examples/apps/examples-lib/oro-2.0.8.jar
-rw-------   3 ambari_qa hdfs      29392 2012-09-18 22:41 /user/ambari_qa/examples/apps/examples-lib/paranamer-2.2.jar
-rw-------   3 ambari_qa hdfs       5420 2012-09-18 22:41 /user/ambari_qa/examples/apps/examples-lib/paranamer-ant-2.2.jar
-rw-------   3 ambari_qa hdfs       6931 2012-09-18 22:41 /user/ambari_qa/examples/apps/examples-lib/paranamer-generator-2.2.jar
-rw-------   3 ambari_qa hdfs    2885177 2012-09-18 22:41 /user/ambari_qa/examples/apps/examples-lib/pig-0.9.2.jar
-rw-------   3 ambari_qa hdfs     173236 2012-09-18 22:41 /user/ambari_qa/examples/apps/examples-lib/qdox-1.10.1.jar
-rw-------   3 ambari_qa hdfs     132368 2012-09-18 22:41 /user/ambari_qa/examples/apps/examples-lib/servlet-api-2.5-6.1.14.jar
-rw-------   3 ambari_qa hdfs      23671 2012-09-18 22:41 /user/ambari_qa/examples/apps/examples-lib/slf4j-api-1.5.11.jar
-rw-------   3 ambari_qa hdfs     148627 2012-09-18 22:41 /user/ambari_qa/examples/apps/examples-lib/stringtemplate-3.2.1.jar
-rw-------   3 ambari_qa hdfs      15010 2012-09-18 22:41 /user/ambari_qa/examples/apps/examples-lib/xmlenc-0.52.jar
drwx------   - ambari_qa hdfs          0 2012-09-18 22:41 /user/ambari_qa/examples/apps/hadoop-el
-rw-------   3 ambari_qa hdfs       1045 2012-09-18 22:41 /user/ambari_qa/examples/apps/hadoop-el/job.properties
drwx------   - ambari_qa hdfs          0 2012-09-18 22:41 /user/ambari_qa/examples/apps/hadoop-el/lib
-rw-------   3 ambari_qa hdfs      15729 2012-09-18 22:41 /user/ambari_qa/examples/apps/hadoop-el/lib/oozie-examples-3.1.3-incubating.jar
-rw-------   3 ambari_qa hdfs       3008 2012-09-18 22:41 /user/ambari_qa/examples/apps/hadoop-el/workflow.xml
drwx------   - ambari_qa hdfs          0 2012-09-18 22:41 /user/ambari_qa/examples/apps/java-main
-rw-------   3 ambari_qa hdfs       1045 2012-09-18 22:41 /user/ambari_qa/examples/apps/java-main/job.properties
drwx------   - ambari_qa hdfs          0 2012-09-18 22:41 /user/ambari_qa/examples/apps/java-main/lib
-rw-------   3 ambari_qa hdfs      15729 2012-09-18 22:41 /user/ambari_qa/examples/apps/java-main/lib/oozie-examples-3.1.3-incubating.jar
-rw-------   3 ambari_qa hdfs       1631 2012-09-18 22:41 /user/ambari_qa/examples/apps/java-main/workflow.xml
drwx------   - ambari_qa hdfs          0 2012-09-18 22:41 /user/ambari_qa/examples/apps/map-reduce
-rw-------   3 ambari_qa hdfs       1002 2012-09-18 22:41 /user/ambari_qa/examples/apps/map-reduce/job.properties
drwx------   - ambari_qa hdfs          0 2012-09-18 22:41 /user/ambari_qa/examples/apps/map-reduce/lib
-rw-------   3 ambari_qa hdfs      15729 2012-09-18 22:41 /user/ambari_qa/examples/apps/map-reduce/lib/oozie-examples-3.1.3-incubating.jar
-rw-------   3 ambari_qa hdfs       2559 2012-09-18 22:41 /user/ambari_qa/examples/apps/map-reduce/workflow.xml
drwx------   - ambari_qa hdfs          0 2012-09-18 22:41 /user/ambari_qa/examples/apps/no-op
-rw-------   3 ambari_qa hdfs        973 2012-09-18 22:41 /user/ambari_qa/examples/apps/no-op/job.properties
-rw-------   3 ambari_qa hdfs        918 2012-09-18 22:41 /user/ambari_qa/examples/apps/no-op/workflow.xml
drwx------   - ambari_qa hdfs          0 2012-09-18 22:41 /user/ambari_qa/examples/apps/pig
-rw-------   3 ambari_qa hdfs        930 2012-09-18 22:41 /user/ambari_qa/examples/apps/pig/id.pig
-rw-------   3 ambari_qa hdfs       1039 2012-09-18 22:41 /user/ambari_qa/examples/apps/pig/job.properties
-rw-------   3 ambari_qa hdfs       1986 2012-09-18 22:41 /user/ambari_qa/examples/apps/pig/workflow.xml
drwx------   - ambari_qa hdfs          0 2012-09-18 22:41 /user/ambari_qa/examples/apps/streaming
-rw-------   3 ambari_qa hdfs       1045 2012-09-18 22:41 /user/ambari_qa/examples/apps/streaming/job.properties
-rw-------   3 ambari_qa hdfs       2208 2012-09-18 22:41 /user/ambari_qa/examples/apps/streaming/workflow.xml
drwx------   - ambari_qa hdfs          0 2012-09-18 22:41 /user/ambari_qa/examples/apps/subwf
-rw-------   3 ambari_qa hdfs        974 2012-09-18 22:41 /user/ambari_qa/examples/apps/subwf/job.properties
-rw-------   3 ambari_qa hdfs       2097 2012-09-18 22:41 /user/ambari_qa/examples/apps/subwf/workflow.xml
drwx------   - ambari_qa hdfs          0 2012-09-18 22:41 /user/ambari_qa/examples/input-data
drwx------   - ambari_qa hdfs          0 2012-09-18 22:41 /user/ambari_qa/examples/input-data/rawLogs
drwx------   - ambari_qa hdfs          0 2012-09-18 22:41 /user/ambari_qa/examples/input-data/rawLogs/2010
drwx------   - ambari_qa hdfs          0 2012-09-18 22:41 /user/ambari_qa/examples/input-data/rawLogs/2010/01
drwx------   - ambari_qa hdfs          0 2012-09-18 22:41 /user/ambari_qa/examples/input-data/rawLogs/2010/01/01
drwx------   - ambari_qa hdfs          0 2012-09-18 22:41 /user/ambari_qa/examples/input-data/rawLogs/2010/01/01/00
drwx------   - ambari_qa hdfs          0 2012-09-18 22:41 /user/ambari_qa/examples/input-data/rawLogs/2010/01/01/00/20
-rw-------   3 ambari_qa hdfs          2 2012-09-18 22:41 /user/ambari_qa/examples/input-data/rawLogs/2010/01/01/00/20/_SUCCESS
-rw-------   3 ambari_qa hdfs         15 2012-09-18 22:41 /user/ambari_qa/examples/input-data/rawLogs/2010/01/01/00/20/log01.txt
drwx------   - ambari_qa hdfs          0 2012-09-18 22:41 /user/ambari_qa/examples/input-data/rawLogs/2010/01/01/00/40
-rw-------   3 ambari_qa hdfs          2 2012-09-18 22:41 /user/ambari_qa/examples/input-data/rawLogs/2010/01/01/00/40/_SUCCESS
-rw-------   3 ambari_qa hdfs         15 2012-09-18 22:41 /user/ambari_qa/examples/input-data/rawLogs/2010/01/01/00/40/log02.txt
drwx------   - ambari_qa hdfs          0 2012-09-18 22:41 /user/ambari_qa/examples/input-data/rawLogs/2010/01/01/01
drwx------   - ambari_qa hdfs          0 2012-09-18 22:41 /user/ambari_qa/examples/input-data/rawLogs/2010/01/01/01/00
-rw-------   3 ambari_qa hdfs          2 2012-09-18 22:41 /user/ambari_qa/examples/input-data/rawLogs/2010/01/01/01/00/_SUCCESS
-rw-------   3 ambari_qa hdfs         15 2012-09-18 22:41 /user/ambari_qa/examples/input-data/rawLogs/2010/01/01/01/00/log03.txt
drwx------   - ambari_qa hdfs          0 2012-09-18 22:41 /user/ambari_qa/examples/input-data/rawLogs/2010/01/01/01/20
-rw-------   3 ambari_qa hdfs          2 2012-09-18 22:41 /user/ambari_qa/examples/input-data/rawLogs/2010/01/01/01/20/_SUCCESS
-rw-------   3 ambari_qa hdfs         15 2012-09-18 22:41 /user/ambari_qa/examples/input-data/rawLogs/2010/01/01/01/20/log04.txt
drwx------   - ambari_qa hdfs          0 2012-09-18 22:41 /user/ambari_qa/examples/input-data/rawLogs/2010/01/01/01/40
-rw-------   3 ambari_qa hdfs          2 2012-09-18 22:41 /user/ambari_qa/examples/input-data/rawLogs/2010/01/01/01/40/_SUCCESS
-rw-------   3 ambari_qa hdfs         15 2012-09-18 22:41 /user/ambari_qa/examples/input-data/rawLogs/2010/01/01/01/40/log05.txt
drwx------   - ambari_qa hdfs          0 2012-09-18 22:41 /user/ambari_qa/examples/input-data/rawLogs/2010/01/01/02
drwx------   - ambari_qa hdfs          0 2012-09-18 22:41 /user/ambari_qa/examples/input-data/rawLogs/2010/01/01/02/00
-rw-------   3 ambari_qa hdfs          2 2012-09-18 22:41 /user/ambari_qa/examples/input-data/rawLogs/2010/01/01/02/00/_SUCCESS
-rw-------   3 ambari_qa hdfs         15 2012-09-18 22:41 /user/ambari_qa/examples/input-data/rawLogs/2010/01/01/02/00/log06.txt
drwx------   - ambari_qa hdfs          0 2012-09-18 22:41 /user/ambari_qa/examples/input-data/text
-rw-------   3 ambari_qa hdfs       1409 2012-09-18 22:41 /user/ambari_qa/examples/input-data/text/data.txt
drwx------   - ambari_qa hdfs          0 2012-09-18 22:41 /user/ambari_qa/examples/output-data
drwx------   - ambari_qa hdfs          0 2012-09-18 22:41 /user/ambari_qa/examples/output-data/map-reduce
-rw-------   3 ambari_qa hdfs          0 2012-09-18 22:41 /user/ambari_qa/examples/output-data/map-reduce/_SUCCESS
-rw-------   3 ambari_qa hdfs       1547 2012-09-18 22:41 /user/ambari_qa/examples/output-data/map-reduce/part-00000
drwx------   - ambari_qa hdfs          0 2012-09-18 22:41 /user/ambari_qa/examples/src
drwx------   - ambari_qa hdfs          0 2012-09-18 22:41 /user/ambari_qa/examples/src/org
drwx------   - ambari_qa hdfs          0 2012-09-18 22:41 /user/ambari_qa/examples/src/org/apache
drwx------   - ambari_qa hdfs          0 2012-09-18 22:41 /user/ambari_qa/examples/src/org/apache/oozie
drwx------   - ambari_qa hdfs          0 2012-09-18 22:41 /user/ambari_qa/examples/src/org/apache/oozie/example
-rw-------   3 ambari_qa hdfs       3385 2012-09-18 22:41 /user/ambari_qa/examples/src/org/apache/oozie/example/DateList.java
-rw-------   3 ambari_qa hdfs       1157 2012-09-18 22:41 /user/ambari_qa/examples/src/org/apache/oozie/example/DemoJavaMain.java
-rw-------   3 ambari_qa hdfs        956 2012-09-18 22:41 /user/ambari_qa/examples/src/org/apache/oozie/example/DemoMapReduceMain.java
-rw-------   3 ambari_qa hdfs       2030 2012-09-18 22:41 /user/ambari_qa/examples/src/org/apache/oozie/example/DemoMapper.java
-rw-------   3 ambari_qa hdfs        938 2012-09-18 22:41 /user/ambari_qa/examples/src/org/apache/oozie/example/DemoPigMain.java
-rw-------   3 ambari_qa hdfs       1733 2012-09-18 22:41 /user/ambari_qa/examples/src/org/apache/oozie/example/DemoReducer.java
-rw-------   3 ambari_qa hdfs       4587 2012-09-18 22:41 /user/ambari_qa/examples/src/org/apache/oozie/example/LocalOozieExample.java
-rw-------   3 ambari_qa hdfs       5763 2012-09-18 22:41 /user/ambari_qa/examples/src/org/apache/oozie/example/Repeatable.java
-rw-------   3 ambari_qa hdfs       1511 2012-09-18 22:41 /user/ambari_qa/examples/src/org/apache/oozie/example/SampleMapper.java
-rw-------   3 ambari_qa hdfs       1612 2012-09-18 22:41 /user/ambari_qa/examples/src/org/apache/oozie/example/SampleReducer.java
-rw-------   3 ambari_qa hdfs       1198 2012-09-18 22:41 /user/ambari_qa/examples/src/org/apache/oozie/example/TimeUnit.java
drwx------   - ambari_qa hdfs          0 2012-09-18 22:41 /user/ambari_qa/input-data
drwx------   - ambari_qa hdfs          0 2012-09-18 22:41 /user/ambari_qa/input-data/rawLogs
drwx------   - ambari_qa hdfs          0 2012-09-18 22:41 /user/ambari_qa/input-data/rawLogs/2010
drwx------   - ambari_qa hdfs          0 2012-09-18 22:41 /user/ambari_qa/input-data/rawLogs/2010/01
drwx------   - ambari_qa hdfs          0 2012-09-18 22:41 /user/ambari_qa/input-data/rawLogs/2010/01/01
drwx------   - ambari_qa hdfs          0 2012-09-18 22:41 /user/ambari_qa/input-data/rawLogs/2010/01/01/00
drwx------   - ambari_qa hdfs          0 2012-09-18 22:41 /user/ambari_qa/input-data/rawLogs/2010/01/01/00/20
-rw-------   3 ambari_qa hdfs          2 2012-09-18 22:41 /user/ambari_qa/input-data/rawLogs/2010/01/01/00/20/_SUCCESS
-rw-------   3 ambari_qa hdfs         15 2012-09-18 22:41 /user/ambari_qa/input-data/rawLogs/2010/01/01/00/20/log01.txt
drwx------   - ambari_qa hdfs          0 2012-09-18 22:41 /user/ambari_qa/input-data/rawLogs/2010/01/01/00/40
-rw-------   3 ambari_qa hdfs          2 2012-09-18 22:41 /user/ambari_qa/input-data/rawLogs/2010/01/01/00/40/_SUCCESS
-rw-------   3 ambari_qa hdfs         15 2012-09-18 22:41 /user/ambari_qa/input-data/rawLogs/2010/01/01/00/40/log02.txt
drwx------   - ambari_qa hdfs          0 2012-09-18 22:41 /user/ambari_qa/input-data/rawLogs/2010/01/01/01
drwx------   - ambari_qa hdfs          0 2012-09-18 22:41 /user/ambari_qa/input-data/rawLogs/2010/01/01/01/00
-rw-------   3 ambari_qa hdfs          2 2012-09-18 22:41 /user/ambari_qa/input-data/rawLogs/2010/01/01/01/00/_SUCCESS
-rw-------   3 ambari_qa hdfs         15 2012-09-18 22:41 /user/ambari_qa/input-data/rawLogs/2010/01/01/01/00/log03.txt
drwx------   - ambari_qa hdfs          0 2012-09-18 22:41 /user/ambari_qa/input-data/rawLogs/2010/01/01/01/20
-rw-------   3 ambari_qa hdfs          2 2012-09-18 22:41 /user/ambari_qa/input-data/rawLogs/2010/01/01/01/20/_SUCCESS
-rw-------   3 ambari_qa hdfs         15 2012-09-18 22:41 /user/ambari_qa/input-data/rawLogs/2010/01/01/01/20/log04.txt
drwx------   - ambari_qa hdfs          0 2012-09-18 22:41 /user/ambari_qa/input-data/rawLogs/2010/01/01/01/40
-rw-------   3 ambari_qa hdfs          2 2012-09-18 22:41 /user/ambari_qa/input-data/rawLogs/2010/01/01/01/40/_SUCCESS
-rw-------   3 ambari_qa hdfs         15 2012-09-18 22:41 /user/ambari_qa/input-data/rawLogs/2010/01/01/01/40/log05.txt
drwx------   - ambari_qa hdfs          0 2012-09-18 22:41 /user/ambari_qa/input-data/rawLogs/2010/01/01/02
drwx------   - ambari_qa hdfs          0 2012-09-18 22:41 /user/ambari_qa/input-data/rawLogs/2010/01/01/02/00
-rw-------   3 ambari_qa hdfs          2 2012-09-18 22:41 /user/ambari_qa/input-data/rawLogs/2010/01/01/02/00/_SUCCESS
-rw-------   3 ambari_qa hdfs         15 2012-09-18 22:41 /user/ambari_qa/input-data/rawLogs/2010/01/01/02/00/log06.txt
drwx------   - ambari_qa hdfs          0 2012-09-18 22:41 /user/ambari_qa/input-data/text
-rw-------   3 ambari_qa hdfs       1409 2012-09-18 22:41 /user/ambari_qa/input-data/text/data.txt
-rw-------   3 ambari_qa hdfs       2451 2012-09-18 22:37 /user/ambari_qa/mapredsmokeinput
drwxrwx---   - ambari_qa hdfs          0 2012-09-18 22:37 /user/ambari_qa/mapredsmokeoutput
-rw-------   3 ambari_qa hdfs       2567 2012-09-18 22:37 /user/ambari_qa/mapredsmokeoutput/part-r-00000
drwxrwx---   - ambari_qa hdfs          0 2012-09-18 22:41 /user/ambari_qa/oozie-oozi
-rw-------   3 ambari_qa hdfs       2451 2012-09-18 22:39 /user/ambari_qa/passwd
drwxrwx---   - ambari_qa hdfs          0 2012-09-18 22:39 /user/ambari_qa/pigsmoke.out
-rw-------   3 ambari_qa hdfs        336 2012-09-18 22:39 /user/ambari_qa/pigsmoke.out/part-m-00000
drwxr-xr-x   - hdfs      hdfs            0 2012-10-04 17:11 /user/hdfs
drwx------   - hdfs hdfs          0 2012-10-04 17:11 /user/hdfs/.staging
drwx------   - hdfs hdfs          0 2012-09-20 14:59 /user/hdfs/.staging/job_201209201459_0001
-rw-r--r--  10 hdfs hdfs     142457 2012-09-20 14:59 /user/hdfs/.staging/job_201209201459_0001/job.jar
-rw-r--r--  10 hdfs hdfs        111 2012-09-20 14:59 /user/hdfs/.staging/job_201209201459_0001/job.split
-rw-r--r--   3 hdfs hdfs         26 2012-09-20 14:59 /user/hdfs/.staging/job_201209201459_0001/job.splitmetainfo
-rw-r--r--   3 hdfs hdfs      25657 2012-09-20 14:59 /user/hdfs/.staging/job_201209201459_0001/job.xml
drwx------   - hdfs hdfs          0 2012-09-20 15:04 /user/hdfs/.staging/job_201209201503_0001
-rw-r--r--  10 hdfs hdfs     142457 2012-09-20 15:04 /user/hdfs/.staging/job_201209201503_0001/job.jar
-rw-r--r--  10 hdfs hdfs        111 2012-09-20 15:04 /user/hdfs/.staging/job_201209201503_0001/job.split
-rw-r--r--   3 hdfs hdfs         26 2012-09-20 15:04 /user/hdfs/.staging/job_201209201503_0001/job.splitmetainfo
-rw-r--r--   3 hdfs hdfs      25657 2012-09-20 15:04 /user/hdfs/.staging/job_201209201503_0001/job.xml
drwx------   - hdfs hdfs          0 2012-09-20 19:59 /user/hdfs/.staging/job_201209201959_0001
-rw-r--r--  10 hdfs hdfs     142457 2012-09-20 19:59 /user/hdfs/.staging/job_201209201959_0001/job.jar
-rw-r--r--  10 hdfs hdfs        111 2012-09-20 19:59 /user/hdfs/.staging/job_201209201959_0001/job.split
-rw-r--r--   3 hdfs hdfs         26 2012-09-20 19:59 /user/hdfs/.staging/job_201209201959_0001/job.splitmetainfo
-rw-r--r--   3 hdfs hdfs      25777 2012-09-20 19:59 /user/hdfs/.staging/job_201209201959_0001/job.xml
drwx------   - hdfs hdfs          0 2012-09-20 20:03 /user/hdfs/.staging/job_201209202002_0001
-rw-r--r--  10 hdfs hdfs     142457 2012-09-20 20:03 /user/hdfs/.staging/job_201209202002_0001/job.jar
-rw-r--r--  10 hdfs hdfs        111 2012-09-20 20:03 /user/hdfs/.staging/job_201209202002_0001/job.split
-rw-r--r--   3 hdfs hdfs         26 2012-09-20 20:03 /user/hdfs/.staging/job_201209202002_0001/job.splitmetainfo
-rw-r--r--   3 hdfs hdfs      25777 2012-09-20 20:03 /user/hdfs/.staging/job_201209202002_0001/job.xml
drwx------   - hdfs hdfs          0 2012-10-04 16:57 /user/hdfs/.staging/job_201210041547_0007
-rw-r--r--  10 hdfs hdfs       5966 2012-10-04 16:57 /user/hdfs/.staging/job_201210041547_0007/job.jar
-rw-r--r--  10 hdfs hdfs       1137 2012-10-04 16:57 /user/hdfs/.staging/job_201210041547_0007/job.split
-rw-r--r--   3 hdfs hdfs        149 2012-10-04 16:57 /user/hdfs/.staging/job_201210041547_0007/job.splitmetainfo
-rw-r--r--   3 hdfs hdfs      25807 2012-10-04 16:57 /user/hdfs/.staging/job_201210041547_0007/job.xml
drwx------   - hdfs hdfs          0 2012-10-04 17:01 /user/hdfs/.staging/job_201210041547_0009
-rw-r--r--  10 hdfs hdfs       5966 2012-10-04 17:01 /user/hdfs/.staging/job_201210041547_0009/job.jar
-rw-r--r--  10 hdfs hdfs       1137 2012-10-04 17:01 /user/hdfs/.staging/job_201210041547_0009/job.split
-rw-r--r--   3 hdfs hdfs         61 2012-10-04 17:01 /user/hdfs/.staging/job_201210041547_0009/job.splitmetainfo
-rw-r--r--   3 hdfs hdfs      25807 2012-10-04 17:01 /user/hdfs/.staging/job_201210041547_0009/job.xml
drwx------   - hdfs hdfs          0 2012-10-04 17:11 /user/hdfs/.staging/job_201210041705_0001
-rw-r--r--  10 hdfs hdfs       5966 2012-10-04 17:11 /user/hdfs/.staging/job_201210041705_0001/job.jar
-rw-r--r--  10 hdfs hdfs       1137 2012-10-04 17:11 /user/hdfs/.staging/job_201210041705_0001/job.split
-rw-r--r--   3 hdfs hdfs        149 2012-10-04 17:11 /user/hdfs/.staging/job_201210041705_0001/job.splitmetainfo
-rw-r--r--   3 hdfs hdfs      25807 2012-10-04 17:11 /user/hdfs/.staging/job_201210041705_0001/job.xml
-rw-------   3 hdfs hdfs       2451 2012-09-20 09:38 /user/hdfs/passwd
-rw-------   3 hdfs hdfs       2451 2012-09-20 09:39 /user/hdfs/passwd0
-rw-------   3 hdfs hdfs       2451 2012-09-20 09:39 /user/hdfs/passwd1
-rw-------   3 hdfs hdfs       2451 2012-09-20 09:39 /user/hdfs/passwd2
-rw-------   3 hdfs hdfs       2451 2012-09-20 09:39 /user/hdfs/passwd3
-rw-------   3 hdfs hdfs       2451 2012-09-20 09:39 /user/hdfs/passwd4
-rw-------   3 hdfs hdfs       2451 2012-09-20 09:39 /user/hdfs/passwd5
-rw-------   3 hdfs hdfs       2451 2012-09-20 09:39 /user/hdfs/passwd6
-rw-------   3 hdfs hdfs       2451 2012-09-20 09:39 /user/hdfs/passwd7
-rw-------   3 hdfs hdfs       2451 2012-09-20 09:39 /user/hdfs/passwd8
-rw-------   3 hdfs hdfs       2451 2012-09-20 09:39 /user/hdfs/passwd9
drwx------   - hive      hdfs            0 2012-09-18 22:42 /user/hive
drwxr-xr-x   - mapred    hadoop          0 2012-10-04 17:33 /user/mapred
drwx------   - mapred hadoop          0 2012-10-04 17:33 /user/mapred/.staging
drwx------   - mapred hadoop          0 2012-09-20 15:01 /user/mapred/.staging/job_201209201459_0002
-rw-r--r--  10 mapred hadoop     142457 2012-09-20 15:01 /user/mapred/.staging/job_201209201459_0002/job.jar
drwx------   - mapred hadoop          0 2012-09-20 15:02 /user/mapred/.staging/job_201209201459_0003
-rw-r--r--  10 mapred hadoop     142457 2012-09-20 15:02 /user/mapred/.staging/job_201209201459_0003/job.jar
-rw-r--r--  10 mapred hadoop        113 2012-09-20 15:02 /user/mapred/.staging/job_201209201459_0003/job.split
-rw-r--r--   3 mapred hadoop         26 2012-09-20 15:02 /user/mapred/.staging/job_201209201459_0003/job.splitmetainfo
-rw-r--r--   3 mapred hadoop      25666 2012-09-20 15:02 /user/mapred/.staging/job_201209201459_0003/job.xml
drwx------   - mapred hadoop          0 2012-10-04 16:47 /user/mapred/.staging/job_201210041547_0003
-rw-r--r--  10 mapred hadoop       5966 2012-10-04 16:47 /user/mapred/.staging/job_201210041547_0003/job.jar
-rw-r--r--  10 mapred hadoop       1137 2012-10-04 16:47 /user/mapred/.staging/job_201210041547_0003/job.split
-rw-r--r--   3 mapred hadoop        149 2012-10-04 16:47 /user/mapred/.staging/job_201210041547_0003/job.splitmetainfo
-rw-r--r--   3 mapred hadoop      25813 2012-10-04 16:47 /user/mapred/.staging/job_201210041547_0003/job.xml
drwx------   - mapred hadoop          0 2012-10-04 16:49 /user/mapred/.staging/job_201210041547_0004
-rw-r--r--  10 mapred hadoop       5966 2012-10-04 16:49 /user/mapred/.staging/job_201210041547_0004/job.jar
-rw-r--r--  10 mapred hadoop       1137 2012-10-04 16:49 /user/mapred/.staging/job_201210041547_0004/job.split
-rw-r--r--   3 mapred hadoop        149 2012-10-04 16:49 /user/mapred/.staging/job_201210041547_0004/job.splitmetainfo
-rw-r--r--   3 mapred hadoop      25813 2012-10-04 16:49 /user/mapred/.staging/job_201210041547_0004/job.xml
drwx------   - mapred hadoop          0 2012-10-04 16:50 /user/mapred/.staging/job_201210041547_0005
-rw-r--r--  10 mapred hadoop       5966 2012-10-04 16:50 /user/mapred/.staging/job_201210041547_0005/job.jar
-rw-r--r--  10 mapred hadoop       1137 2012-10-04 16:50 /user/mapred/.staging/job_201210041547_0005/job.split
-rw-r--r--   3 mapred hadoop        149 2012-10-04 16:50 /user/mapred/.staging/job_201210041547_0005/job.splitmetainfo
-rw-r--r--   3 mapred hadoop      25813 2012-10-04 16:50 /user/mapred/.staging/job_201210041547_0005/job.xml
drwx------   - mapred hadoop          0 2012-10-04 16:52 /user/mapred/.staging/job_201210041547_0006
-rw-r--r--  10 mapred hadoop       5966 2012-10-04 16:52 /user/mapred/.staging/job_201210041547_0006/job.jar
-rw-r--r--  10 mapred hadoop       1137 2012-10-04 16:52 /user/mapred/.staging/job_201210041547_0006/job.split
-rw-r--r--   3 mapred hadoop        149 2012-10-04 16:52 /user/mapred/.staging/job_201210041547_0006/job.splitmetainfo
-rw-r--r--   3 mapred hadoop      25813 2012-10-04 16:52 /user/mapred/.staging/job_201210041547_0006/job.xml
drwx------   - mapred hadoop          0 2012-10-04 17:15 /user/mapred/.staging/job_201210041705_0002
-rw-r--r--  10 mapred hadoop       5966 2012-10-04 17:15 /user/mapred/.staging/job_201210041705_0002/job.jar
-rw-r--r--  10 mapred hadoop       1137 2012-10-04 17:15 /user/mapred/.staging/job_201210041705_0002/job.split
-rw-r--r--   3 mapred hadoop        149 2012-10-04 17:15 /user/mapred/.staging/job_201210041705_0002/job.splitmetainfo
-rw-r--r--   3 mapred hadoop      25813 2012-10-04 17:15 /user/mapred/.staging/job_201210041705_0002/job.xml
-rw-------   3 mapred hadoop       2451 2012-09-20 15:01 /user/mapred/passwd
drwxr-xr-x   - mapred hadoop          0 2012-10-04 17:33 /user/mapred/test
drwxr-xr-x   - mapred hadoop          0 2012-10-04 16:46 /user/mapred/test/input
drwx------   - mapred hadoop          0 2012-10-04 16:46 /user/mapred/test/input/splitter
-rw-------   3 mapred hadoop         40 2012-10-04 16:46 /user/mapred/test/input/splitter/hive.log.2012-09-18.gz
-rw-------   3 mapred hadoop       9801 2012-10-04 16:46 /user/mapred/test/input/splitter/hive.log.2012-09-28.gz
-rw-------   3 mapred hadoop       3405 2012-10-04 16:46 /user/mapred/test/input/splitter/hive.log.gz
-rw-------   3 mapred hadoop        535 2012-10-04 16:46 /user/mapred/test/input/splitter/hive_job_log_hive_201209282134_691176708.txt.gz
-rw-------   3 mapred hadoop        539 2012-10-04 16:46 /user/mapred/test/input/splitter/hive_job_log_hive_201209282215_2130450639.txt.gz
-rw-------   3 mapred hadoop        537 2012-10-04 16:46 /user/mapred/test/input/splitter/hive_job_log_hive_201209282301_194159810.txt.gz
-rw-------   3 mapred hadoop        535 2012-10-04 16:46 /user/mapred/test/input/splitter/hive_job_log_hive_201209282317_190443369.txt.gz
drwxr-xr-x   - mapred hadoop          0 2012-10-04 17:33 /user/mapred/test/output
drwxr-xr-x   - mapred hadoop          0 2012-10-04 17:18 /user/mapred/test/output/splitter1
-rw-r-----   3 mapred hadoop      12161 2012-10-04 17:18 /user/mapred/test/output/splitter1/part-00000
drwxr-xr-x   - mapred hadoop          0 2012-10-04 17:23 /user/mapred/test/output/splitter2
-rw-r-----   3 mapred hadoop      12161 2012-10-04 17:23 /user/mapred/test/output/splitter2/part-00000
drwxr-xr-x   - mapred hadoop          0 2012-10-04 17:25 /user/mapred/test/output/splitter3
-rw-r-----   3 mapred hadoop      12161 2012-10-04 17:25 /user/mapred/test/output/splitter3/part-00000
drwxr-xr-x   - mapred hadoop          0 2012-10-04 17:26 /user/mapred/test/output/splitter4
-rw-r-----   3 mapred hadoop      12161 2012-10-04 17:26 /user/mapred/test/output/splitter4/part-00000
drwxr-xr-x   - mapred hadoop          0 2012-10-04 17:28 /user/mapred/test/output/splitter5
-rw-r-----   3 mapred hadoop      12161 2012-10-04 17:28 /user/mapred/test/output/splitter5/part-00000
drwxr-xr-x   - mapred hadoop          0 2012-10-04 17:33 /user/mapred/test/output/splitter6
-rw-r-----   3 mapred hadoop      12122 2012-10-04 17:33 /user/mapred/test/output/splitter6/part-00000
drwxr-xr-x   - mapred hadoop          0 2012-09-20 09:40 /user/mapred/wc_o3
-rw-------   3 mapred hadoop       2567 2012-09-20 09:39 /user/mapred/wc_o3/part-r-00000
drwxr-xr-x   - mapred hadoop          0 2012-09-20 09:40 /user/mapred/wc_o4
-rw-------   3 mapred hadoop       2567 2012-09-20 09:40 /user/mapred/wc_o4/part-r-00000
drwxr-xr-x   - hdfs   hadoop          0 2012-09-20 15:05 /user/mapred/wc_o8
-rw-------   3 hdfs hadoop       2567 2012-09-20 15:05 /user/mapred/wc_o8/part-r-00000
drwxr-xr-x   - mapred hadoop          0 2012-09-20 09:37 /user/mapred/wc_op
drwxr-xr-x   - mapred hadoop          0 2012-09-20 09:39 /user/mapred/wc_op2
-rw-------   3 mapred hadoop       2567 2012-09-20 09:38 /user/mapred/wc_op2/part-r-00000
drwxr-xr-x   - mapred hadoop          0 2012-09-20 15:03 /user/mapred/wc_op6
-rw-------   3 mapred hadoop       2567 2012-09-20 15:03 /user/mapred/wc_op6/part-r-00000
drwxrwx---   - oozie     hdfs            0 2012-09-18 22:40 /user/oozie
drwx------   - root      hdfs            0 2012-10-29 17:37 /user/root
drwx------   - root hdfs          0 2012-10-29 17:37 /user/root/.Trash
drwx------   - root hdfs          0 2012-10-18 17:42 /user/root/.staging
drwx------   - root hdfs          0 2012-10-04 16:38 /user/root/.staging/job_201210041547_0001
-rw-r--r--  10 root hdfs       5966 2012-10-04 16:38 /user/root/.staging/job_201210041547_0001/job.jar
-rw-r--r--  10 root hdfs        203 2012-10-04 16:38 /user/root/.staging/job_201210041547_0001/job.split
-rw-r--r--   3 root hdfs         40 2012-10-04 16:38 /user/root/.staging/job_201210041547_0001/job.splitmetainfo
-rw-r--r--   3 root hdfs      25788 2012-10-04 16:38 /user/root/.staging/job_201210041547_0001/job.xml
drwx------   - root hdfs          0 2012-10-04 16:41 /user/root/.staging/job_201210041547_0002
-rw-r--r--  10 root hdfs       5966 2012-10-04 16:41 /user/root/.staging/job_201210041547_0002/job.jar
-rw-r--r--  10 root hdfs        203 2012-10-04 16:41 /user/root/.staging/job_201210041547_0002/job.split
-rw-r--r--   3 root hdfs         40 2012-10-04 16:41 /user/root/.staging/job_201210041547_0002/job.splitmetainfo
-rw-r--r--   3 root hdfs      25788 2012-10-04 16:41 /user/root/.staging/job_201210041547_0002/job.xml
-rw-r-----   3 root hdfs         34 2012-10-18 15:34 /user/root/data1
-rw-r-----   3 root hdfs         70 2012-10-18 18:17 /user/root/data12
-rw-r-----   3 root hdfs         36 2012-10-18 15:50 /user/root/data2
-rw-------   3 root hdfs        299 2012-10-04 16:26 /user/root/derby.log.gz
-rw-r-----   3 root hdfs       2451 2012-10-18 15:21 /user/root/passwd
drwx------   - root hdfs          0 2012-10-18 15:40 /user/root/pigout
-rw-r-----   3 root hdfs          0 2012-10-18 15:40 /user/root/pigout/part-r-00000
drwx------   - root hdfs          0 2012-10-18 15:46 /user/root/pigout2
-rw-r-----   3 root hdfs          0 2012-10-18 15:46 /user/root/pigout2/part-r-00000
drwxr-xr-x   - templeton hdfs            0 2012-09-18 22:43 /user/templeton
