Safe mode is ON
Upgrade for version -32 has been completed.
Upgrade is not finalized.
Configured Capacity: 15382016000 (14.33 GB)
Present Capacity: 9066143744 (8.44 GB)
DFS Remaining: 8954163200 (8.34 GB)
DFS Used: 111980544 (106.79 MB)
DFS Used%: 1.24%
Under replicated blocks: 0
Blocks with corrupt replicas: 0
Missing blocks: 0

-------------------------------------------------
Datanodes available: 1 (1 total, 0 dead)

Name: 192.168.56.101:50010
Decommission Status : Normal
Configured Capacity: 15382016000 (14.33 GB)
DFS Used: 111980544 (106.79 MB)
Non DFS Used: 6315872256 (5.88 GB)
DFS Remaining: 8954163200(8.34 GB)
DFS Used%: 0.73%
DFS Remaining%: 58.21%
Last contact: Sun Nov 04 16:16:09 PST 2012


